{"System":{"Provider":{"Name":"Microsoft-Windows-Security-Auditing","Guid":"{54849625-5478-4994-A5BA-3E3B0328C30D}"},"EventID":4624,"Version":2,"Level":0,"Task":12544,"Opcode":0,"Keywords":"0x8020000000000000","TimeCreated":"2023-12-07T09:20:47.986711800Z","EventRecordID":53608,"Correlation":{"ActivityID":"{338D0FE0-26D1-0001-2B10-8D33D126DA01}"},"Execution":{"ProcessID":620,"ThreadID":4288},"Channel":"Security","Computer":"meereen.essos.local"},"EventData":{"AuthenticationPackageName":"Kerberos","ProcessName":"-","IpPort":"51775","RestrictedAdminMode":"-","TargetUserName":"MEEREEN$","TargetDomainName":"ESSOS.LOCAL","LogonGuid":"{8E7C7257-7437-9193-1D66-0868F5563E73}","SubjectDomainName":"-","LogonType":"3","LogonProcessName":"Kerberos","IpAddress":"fe80::71ea:2b1:64c2:cbc0","SubjectUserSid":"S-1-0-0","KeyLength":"0","SubjectLogonId":"0x0","ProcessId":"0x0","ImpersonationLevel":"%%1840","TargetOutboundDomainName":"-","VirtualAccount":"%%1843","TargetOutboundUserName":"-","TargetLinkedLogonId":"0x0","SubjectUserName":"-","WorkstationName":"-","LmPackageName":"-","TransmittedServices":"-","TargetLogonId":"0x23985f3","ElevatedToken":"%%1842","TargetUserSid":"S-1-5-18"},"OpenWEC":{"IpAddress":"10.202.0.137","TimeReceived":"2023-12-07T09:20:53.015353828+00:00","Principal":"MEEREEN$@ESSOS.LOCAL","Subscription":{"Uuid":"F94543B5-5A27-42CB-9E00-E1160AA41AEC","Version":"20CB299E-52CA-4316-BC51-86AC76801D00","Name":"anssi-subscription"}}}
{"System":{"Provider":{"Name":"Microsoft-Windows-Security-Auditing","Guid":"{54849625-5478-4994-A5BA-3E3B0328C30D}"},"EventID":4624,"Version":2,"Level":0,"Task":12544,"Opcode":0,"Keywords":"0x8020000000000000","TimeCreated":"2023-12-07T09:21:21.715934000Z","EventRecordID":53615,"Correlation":{},"Execution":{"ProcessID":620,"ThreadID":2720},"Channel":"Security","Computer":"meereen.essos.local"},"EventData":{"KeyLength":"0","VirtualAccount":"%%1843","SubjectUserName":"-","SubjectLogonId":"0x0","LogonProcessName":"Kerberos","TargetUserSid":"S-1-5-18","AuthenticationPackageName":"Kerberos","IpAddress":"::1","SubjectDomainName":"-","ImpersonationLevel":"%%1833","TargetLinkedLogonId":"0x0","RestrictedAdminMode":"-","ElevatedToken":"%%1842","SubjectUserSid":"S-1-0-0","TargetDomainName":"ESSOS.LOCAL","LogonType":"3","LogonGuid":"{E2C1A26C-E36D-756D-B562-05D6AAFBC071}","TransmittedServices":"-","TargetOutboundUserName":"-","TargetUserName":"MEEREEN$","WorkstationName":"-","ProcessId":"0x0","ProcessName":"-","IpPort":"51792","TargetOutboundDomainName":"-","TargetLogonId":"0x239c8ac","LmPackageName":"-"},"OpenWEC":{"IpAddress":"10.202.0.137","TimeReceived":"2023-12-07T09:21:53.045655010+00:00","Principal":"MEEREEN$@ESSOS.LOCAL","Subscription":{"Uuid":"F94543B5-5A27-42CB-9E00-E1160AA41AEC","Version":"20CB299E-52CA-4316-BC51-86AC76801D00","Name":"anssi-subscription"}}}
{"System":{"Provider":{"Name":"Microsoft-Windows-Security-Auditing","Guid":"{54849625-5478-4994-A5BA-3E3B0328C30D}"},"EventID":4624,"Version":2,"Level":0,"Task":12544,"Opcode":0,"Keywords":"0x8020000000000000","TimeCreated":"2023-12-07T09:22:21.731129000Z","EventRecordID":53618,"Correlation":{},"Execution":{"ProcessID":620,"ThreadID":2720},"Channel":"Security","Computer":"meereen.essos.local"},"EventData":{"WorkstationName":"-","TargetUserName":"MEEREEN$","AuthenticationPackageName":"Kerberos","TargetUserSid":"S-1-5-18","TransmittedServices":"-","LogonGuid":"{E2C1A26C-E36D-756D-B562-05D6AAFBC071}","SubjectUserName":"-","ProcessName":"-","IpPort":"51819","TargetLinkedLogonId":"0x0","SubjectDomainName":"-","SubjectLogonId":"0x0","RestrictedAdminMode":"-","LmPackageName":"-","LogonProcessName":"Kerberos","SubjectUserSid":"S-1-0-0","TargetOutboundUserName":"-","ProcessId":"0x0","TargetOutboundDomainName":"-","LogonType":"3","TargetDomainName":"ESSOS.LOCAL","KeyLength":"0","TargetLogonId":"0x23a56fc","ImpersonationLevel":"%%1833","VirtualAccount":"%%1843","ElevatedToken":"%%1842","IpAddress":"::1"},"OpenWEC":{"IpAddress":"10.202.0.137","TimeReceived":"2023-12-07T09:22:53.059562339+00:00","Principal":"MEEREEN$@ESSOS.LOCAL","Subscription":{"Uuid":"F94543B5-5A27-42CB-9E00-E1160AA41AEC","Version":"20CB299E-52CA-4316-BC51-86AC76801D00","Name":"anssi-subscription"}}}
{"System":{"Provider":{"Name":"Microsoft-Windows-Security-Auditing","Guid":"{54849625-5478-4994-A5BA-3E3B0328C30D}"},"EventID":4624,"Version":2,"Level":0,"Task":12544,"Opcode":0,"Keywords":"0x8020000000000000","TimeCreated":"2023-12-07T09:22:30.777765500Z","EventRecordID":53621,"Correlation":{"ActivityID":"{338D0FE0-26D1-0001-2B10-8D33D126DA01}"},"Execution":{"ProcessID":620,"ThreadID":4288},"Channel":"Security","Computer":"meereen.essos.local"},"EventData":{"TargetUserSid":"S-1-5-18","SubjectLogonId":"0x0","TargetDomainName":"ESSOS.LOCAL","AuthenticationPackageName":"Kerberos","LogonGuid":"{4BA3AC6D-6CAF-A16F-959E-349FB3DAFA71}","TargetOutboundUserName":"-","TargetUserName":"MEEREEN$","LmPackageName":"-","ProcessName":"-","ImpersonationLevel":"%%1840","SubjectDomainName":"-","SubjectUserSid":"S-1-0-0","TargetOutboundDomainName":"-","LogonType":"3","SubjectUserName":"-","TargetLogonId":"0x23a785c","IpPort":"51822","VirtualAccount":"%%1843","ElevatedToken":"%%1842","TargetLinkedLogonId":"0x0","LogonProcessName":"Kerberos","WorkstationName":"-","KeyLength":"0","TransmittedServices":"-","ProcessId":"0x0","IpAddress":"fe80::71ea:2b1:64c2:cbc0","RestrictedAdminMode":"-"},"OpenWEC":{"IpAddress":"10.202.0.137","TimeReceived":"2023-12-07T09:22:53.059562339+00:00","Principal":"MEEREEN$@ESSOS.LOCAL","Subscription":{"Uuid":"F94543B5-5A27-42CB-9E00-E1160AA41AEC","Version":"20CB299E-52CA-4316-BC51-86AC76801D00","Name":"anssi-subscription"}}}
{"System":{"Provider":{"Name":"Microsoft-Windows-Security-Auditing","Guid":"{54849625-5478-4994-A5BA-3E3B0328C30D}"},"EventID":4624,"Version":2,"Level":0,"Task":12544,"Opcode":0,"Keywords":"0x8020000000000000","TimeCreated":"2023-12-07T09:23:21.744179700Z","EventRecordID":53624,"Correlation":{},"Execution":{"ProcessID":620,"ThreadID":1820},"Channel":"Security","Computer":"meereen.essos.local"},"EventData":{"SubjectLogonId":"0x0","ProcessId":"0x0","TargetDomainName":"ESSOS.LOCAL","ProcessName":"-","IpPort":"51846","LogonType":"3","WorkstationName":"-","TransmittedServices":"-","SubjectDomainName":"-","LmPackageName":"-","KeyLength":"0","TargetUserName":"MEEREEN$","TargetOutboundUserName":"-","TargetOutboundDomainName":"-","VirtualAccount":"%%1843","LogonGuid":"{E2C1A26C-E36D-756D-B562-05D6AAFBC071}","SubjectUserName":"-","LogonProcessName":"Kerberos","TargetLinkedLogonId":"0x0","TargetUserSid":"S-1-5-18","AuthenticationPackageName":"Kerberos","IpAddress":"::1","ImpersonationLevel":"%%1833","RestrictedAdminMode":"-","ElevatedToken":"%%1842","TargetLogonId":"0x23ae24e","SubjectUserSid":"S-1-0-0"},"OpenWEC":{"IpAddress":"10.202.0.137","TimeReceived":"2023-12-07T09:23:53.060671547+00:00","Principal":"MEEREEN$@ESSOS.LOCAL","Subscription":{"Uuid":"F94543B5-5A27-42CB-9E00-E1160AA41AEC","Version":"20CB299E-52CA-4316-BC51-86AC76801D00","Name":"anssi-subscription"}}}
{"System":{"Provider":{"Name":"Microsoft-Windows-Security-Auditing","Guid":"{54849625-5478-4994-A5BA-3E3B0328C30D}"},"EventID":4624,"Version":2,"Level":0,"Task":12544,"Opcode":0,"Keywords":"0x8020000000000000","TimeCreated":"2023-12-07T09:23:46.681036500Z","EventRecordID":53627,"Correlation":{},"Execution":{"ProcessID":620,"ThreadID":2720},"Channel":"Security","Computer":"meereen.essos.local"},"EventData":{"SubjectDomainName":"-","TargetUserSid":"S-1-5-18","SubjectUserName":"-","ProcessId":"0x0","LogonProcessName":"Kerberos","WorkstationName":"-","LogonGuid":"{E2C1A26C-E36D-756D-B562-05D6AAFBC071}","ImpersonationLevel":"%%1833","TargetOutboundUserName":"-","VirtualAccount":"%%1843","TargetLinkedLogonId":"0x0","ElevatedToken":"%%1842","ProcessName":"-","TargetDomainName":"ESSOS.LOCAL","AuthenticationPackageName":"Kerberos","TargetLogonId":"0x23b2b1e","SubjectUserSid":"S-1-0-0","KeyLength":"0","IpAddress":"fe80::71ea:2b1:64c2:cbc0","RestrictedAdminMode":"-","IpPort":"51858","TransmittedServices":"-","LmPackageName":"-","TargetOutboundDomainName":"-","LogonType":"3","SubjectLogonId":"0x0","TargetUserName":"MEEREEN$"},"OpenWEC":{"IpAddress":"10.202.0.137","TimeReceived":"2023-12-07T09:23:53.060671547+00:00","Principal":"MEEREEN$@ESSOS.LOCAL","Subscription":{"Uuid":"F94543B5-5A27-42CB-9E00-E1160AA41AEC","Version":"20CB299E-52CA-4316-BC51-86AC76801D00","Name":"anssi-subscription"}}}
{"System":{"Provider":{"Name":"Microsoft-Windows-Security-Auditing","Guid":"{54849625-5478-4994-A5BA-3E3B0328C30D}"},"EventID":4624,"Version":2,"Level":0,"Task":12544,"Opcode":0,"Keywords":"0x8020000000000000","TimeCreated":"2023-12-07T09:23:46.685253400Z","EventRecordID":53630,"Correlation":{},"Execution":{"ProcessID":620,"ThreadID":2720},"Channel":"Security","Computer":"meereen.essos.local"},"EventData":{"ProcessName":"-","RestrictedAdminMode":"-","VirtualAccount":"%%1843","LogonProcessName":"Kerberos","TargetLinkedLogonId":"0x0","ElevatedToken":"%%1842","AuthenticationPackageName":"Kerberos","SubjectUserSid":"S-1-0-0","TransmittedServices":"-","LogonGuid":"{E2C1A26C-E36D-756D-B562-05D6AAFBC071}","ImpersonationLevel":"%%1833","TargetOutboundUserName":"-","SubjectLogonId":"0x0","IpPort":"51859","LmPackageName":"-","TargetOutboundDomainName":"-","TargetLogonId":"0x23b2b97","IpAddress":"fe80::71ea:2b1:64c2:cbc0","TargetDomainName":"ESSOS.LOCAL","WorkstationName":"-","SubjectDomainName":"-","SubjectUserName":"-","TargetUserSid":"S-1-5-18","TargetUserName":"MEEREEN$","LogonType":"3","KeyLength":"0","ProcessId":"0x0"},"OpenWEC":{"IpAddress":"10.202.0.137","TimeReceived":"2023-12-07T09:23:53.060671547+00:00","Principal":"MEEREEN$@ESSOS.LOCAL","Subscription":{"Uuid":"F94543B5-5A27-42CB-9E00-E1160AA41AEC","Version":"20CB299E-52CA-4316-BC51-86AC76801D00","Name":"anssi-subscription"}}}
{"System":{"Provider":{"Name":"Microsoft-Windows-Security-Auditing","Guid":"{54849625-5478-4994-A5BA-3E3B0328C30D}"},"EventID":4624,"Version":2,"Level":0,"Task":12544,"Opcode":0,"Keywords":"0x8020000000000000","TimeCreated":"2023-12-07T09:24:21.758169000Z","EventRecordID":53633,"Correlation":{},"Execution":{"ProcessID":620,"ThreadID":2720},"Channel":"Security","Computer":"meereen.essos.local"},"EventData":{"SubjectLogonId":"0x0","AuthenticationPackageName":"Kerberos","TargetLogonId":"0x23b708e","ProcessId":"0x0","ProcessName":"-","ImpersonationLevel":"%%1833","LogonProcessName":"Kerberos","RestrictedAdminMode":"-","TargetOutboundUserName":"-","TargetOutboundDomainName":"-","VirtualAccount":"%%1843","TransmittedServices":"-","ElevatedToken":"%%1842","LmPackageName":"-","TargetLinkedLogonId":"0x0","IpAddress":"::1","SubjectUserSid":"S-1-0-0","TargetUserSid":"S-1-5-18","SubjectDomainName":"-","KeyLength":"0","TargetUserName":"MEEREEN$","TargetDomainName":"ESSOS.LOCAL","IpPort":"51874","SubjectUserName":"-","LogonType":"3","WorkstationName":"-","LogonGuid":"{E2C1A26C-E36D-756D-B562-05D6AAFBC071}"},"OpenWEC":{"IpAddress":"10.202.0.137","TimeReceived":"2023-12-07T09:24:53.073169664+00:00","Principal":"MEEREEN$@ESSOS.LOCAL","Subscription":{"Uuid":"F94543B5-5A27-42CB-9E00-E1160AA41AEC","Version":"20CB299E-52CA-4316-BC51-86AC76801D00","Name":"anssi-subscription"}}}
{"System":{"Provider":{"Name":"Microsoft-Windows-Security-Auditing","Guid":"{54849625-5478-4994-A5BA-3E3B0328C30D}"},"EventID":4624,"Version":2,"Level":0,"Task":12544,"Opcode":0,"Keywords":"0x8020000000000000","TimeCreated":"2023-12-07T09:25:21.772517900Z","EventRecordID":53636,"Correlation":{},"Execution":{"ProcessID":620,"ThreadID":1820},"Channel":"Security","Computer":"meereen.essos.local"},"EventData":{"TargetUserName":"MEEREEN$","LogonType":"3","TransmittedServices":"-","RestrictedAdminMode":"-","TargetLinkedLogonId":"0x0","SubjectUserName":"-","IpAddress":"::1","AuthenticationPackageName":"Kerberos","KeyLength":"0","LogonGuid":"{E2C1A26C-E36D-756D-B562-05D6AAFBC071}","SubjectDomainName":"-","LmPackageName":"-","SubjectUserSid":"S-1-0-0","SubjectLogonId":"0x0","TargetDomainName":"ESSOS.LOCAL","TargetUserSid":"S-1-5-18","TargetLogonId":"0x23c0e89","TargetOutboundDomainName":"-","VirtualAccount":"%%1843","WorkstationName":"-","LogonProcessName":"Kerberos","ImpersonationLevel":"%%1833","ProcessName":"-","ProcessId":"0x0","IpPort":"51901","TargetOutboundUserName":"-","ElevatedToken":"%%1842"},"OpenWEC":{"IpAddress":"10.202.0.137","TimeReceived":"2023-12-07T09:25:53.088016895+00:00","Principal":"MEEREEN$@ESSOS.LOCAL","Subscription":{"Uuid":"F94543B5-5A27-42CB-9E00-E1160AA41AEC","Version":"20CB299E-52CA-4316-BC51-86AC76801D00","Name":"anssi-subscription"}}}
{"System":{"Provider":{"Name":"Microsoft-Windows-Security-Auditing","Guid":"{54849625-5478-4994-A5BA-3E3B0328C30D}"},"EventID":4624,"Version":2,"Level":0,"Task":12544,"Opcode":0,"Keywords":"0x8020000000000000","TimeCreated":"2023-12-07T09:25:48.008045200Z","EventRecordID":53639,"Correlation":{},"Execution":{"ProcessID":620,"ThreadID":1820},"Channel":"Security","Computer":"meereen.essos.local"},"EventData":{"TargetDomainName":"ESSOS.LOCAL","TargetUserName":"MEEREEN$","TargetLogonId":"0x23c5cf3","LogonType":"3","RestrictedAdminMode":"-","SubjectUserName":"-","LogonProcessName":"Kerberos","ProcessId":"0x0","WorkstationName":"-","IpAddress":"fe80::71ea:2b1:64c2:cbc0","TargetOutboundDomainName":"-","TargetUserSid":"S-1-5-18","LogonGuid":"{077E735B-1022-1018-663D-B105D06380DC}","TransmittedServices":"-","ProcessName":"-","IpPort":"51911","SubjectLogonId":"0x0","LmPackageName":"-","SubjectDomainName":"-","VirtualAccount":"%%1843","TargetLinkedLogonId":"0x0","TargetOutboundUserName":"-","KeyLength":"0","AuthenticationPackageName":"Kerberos","ElevatedToken":"%%1842","ImpersonationLevel":"%%1833","SubjectUserSid":"S-1-0-0"},"OpenWEC":{"IpAddress":"10.202.0.137","TimeReceived":"2023-12-07T09:25:53.088016895+00:00","Principal":"MEEREEN$@ESSOS.LOCAL","Subscription":{"Uuid":"F94543B5-5A27-42CB-9E00-E1160AA41AEC","Version":"20CB299E-52CA-4316-BC51-86AC76801D00","Name":"anssi-subscription"}}}
{"System":{"Provider":{"Name":"Microsoft-Windows-Security-Auditing","Guid":"{54849625-5478-4994-A5BA-3E3B0328C30D}"},"EventID":4624,"Version":2,"Level":0,"Task":12544,"Opcode":0,"Keywords":"0x8020000000000000","TimeCreated":"2023-12-07T09:25:48.017682500Z","EventRecordID":53641,"Correlation":{"ActivityID":"{338D0FE0-26D1-0001-2B10-8D33D126DA01}"},"Execution":{"ProcessID":620,"ThreadID":4048},"Channel":"Security","Computer":"meereen.essos.local"},"EventData":{"LogonProcessName":"Kerberos","SubjectLogonId":"0x0","ProcessName":"-","TargetUserSid":"S-1-5-18","TargetDomainName":"ESSOS.LOCAL","KeyLength":"0","SubjectUserSid":"S-1-0-0","IpAddress":"::1","TargetOutboundDomainName":"-","RestrictedAdminMode":"-","TargetUserName":"MEEREEN$","WorkstationName":"-","IpPort":"0","TargetLinkedLogonId":"0x0","ElevatedToken":"%%1842","LogonGuid":"{77432E8F-8464-F995-2F77-7893056EDE81}","TargetLogonId":"0x23c5dea","TransmittedServices":"-","SubjectDomainName":"-","LmPackageName":"-","ProcessId":"0x0","ImpersonationLevel":"%%1833","TargetOutboundUserName":"-","VirtualAccount":"%%1843","LogonType":"3","SubjectUserName":"-","AuthenticationPackageName":"Kerberos"},"OpenWEC":{"IpAddress":"10.202.0.137","TimeReceived":"2023-12-07T09:25:53.088016895+00:00","Principal":"MEEREEN$@ESSOS.LOCAL","Subscription":{"Uuid":"F94543B5-5A27-42CB-9E00-E1160AA41AEC","Version":"20CB299E-52CA-4316-BC51-86AC76801D00","Name":"anssi-subscription"}}}
{"System":{"Provider":{"Name":"Microsoft-Windows-Security-Auditing","Guid":"{54849625-5478-4994-A5BA-3E3B0328C30D}"},"EventID":4624,"Version":2,"Level":0,"Task":12544,"Opcode":0,"Keywords":"0x8020000000000000","TimeCreated":"2023-12-07T09:25:48.019989600Z","EventRecordID":53643,"Correlation":{},"Execution":{"ProcessID":620,"ThreadID":2720},"Channel":"Security","Computer":"meereen.essos.local"},"EventData":{"AuthenticationPackageName":"Kerberos","LmPackageName":"-","ElevatedToken":"%%1842","SubjectUserName":"-","SubjectUserSid":"S-1-0-0","TargetOutboundUserName":"-","TargetUserSid":"S-1-5-18","ProcessName":"-","WorkstationName":"-","LogonProcessName":"Kerberos","RestrictedAdminMode":"-","TargetDomainName":"ESSOS.LOCAL","SubjectLogonId":"0x0","TargetUserName":"MEEREEN$","TransmittedServices":"-","ImpersonationLevel":"%%1833","ProcessId":"0x0","IpPort":"51912","LogonType":"3","TargetLogonId":"0x23c5e35","LogonGuid":"{8E7C7257-7437-9193-1D66-0868F5563E73}","IpAddress":"192.168.56.12","TargetOutboundDomainName":"-","VirtualAccount":"%%1843","KeyLength":"0","TargetLinkedLogonId":"0x0","SubjectDomainName":"-"},"OpenWEC":{"IpAddress":"10.202.0.137","TimeReceived":"2023-12-07T09:25:53.088016895+00:00","Principal":"MEEREEN$@ESSOS.LOCAL","Subscription":{"Uuid":"F94543B5-5A27-42CB-9E00-E1160AA41AEC","Version":"20CB299E-52CA-4316-BC51-86AC76801D00","Name":"anssi-subscription"}}}
{"System":{"Provider":{"Name":"Microsoft-Windows-Security-Auditing","Guid":"{54849625-5478-4994-A5BA-3E3B0328C30D}"},"EventID":4624,"Version":2,"Level":0,"Task":12544,"Opcode":0,"Keywords":"0x8020000000000000","TimeCreated":"2023-12-07T09:25:48.134602100Z","EventRecordID":53645,"Correlation":{"ActivityID":"{338D0FE0-26D1-0001-2B10-8D33D126DA01}"},"Execution":{"ProcessID":620,"ThreadID":3748},"Channel":"Security","Computer":"meereen.essos.local"},"EventData":{"ProcessName":"-","ElevatedToken":"%%1842","WorkstationName":"-","TransmittedServices":"-","IpPort":"51914","SubjectLogonId":"0x0","LogonProcessName":"Kerberos","TargetUserSid":"S-1-5-18","AuthenticationPackageName":"Kerberos","SubjectDomainName":"-","LogonGuid":"{8E7C7257-7437-9193-1D66-0868F5563E73}","ProcessId":"0x0","TargetUserName":"MEEREEN$","RestrictedAdminMode":"-","ImpersonationLevel":"%%1840","SubjectUserSid":"S-1-0-0","IpAddress":"fe80::71ea:2b1:64c2:cbc0","KeyLength":"0","TargetDomainName":"ESSOS.LOCAL","SubjectUserName":"-","TargetOutboundUserName":"-","LogonType":"3","LmPackageName":"-","TargetOutboundDomainName":"-","VirtualAccount":"%%1843","TargetLinkedLogonId":"0x0","TargetLogonId":"0x23c5ea7"},"OpenWEC":{"IpAddress":"10.202.0.137","TimeReceived":"2023-12-07T09:25:53.088016895+00:00","Principal":"MEEREEN$@ESSOS.LOCAL","Subscription":{"Uuid":"F94543B5-5A27-42CB-9E00-E1160AA41AEC","Version":"20CB299E-52CA-4316-BC51-86AC76801D00","Name":"anssi-subscription"}}}
{"System":{"Provider":{"Name":"Microsoft-Windows-Security-Auditing","Guid":"{54849625-5478-4994-A5BA-3E3B0328C30D}"},"EventID":4624,"Version":2,"Level":0,"Task":12544,"Opcode":0,"Keywords":"0x8020000000000000","TimeCreated":"2023-12-07T09:26:21.785836600Z","EventRecordID":53651,"Correlation":{},"Execution":{"ProcessID":620,"ThreadID":1820},"Channel":"Security","Computer":"meereen.essos.local"},"EventData":{"LmPackageName":"-","IpPort":"51928","RestrictedAdminMode":"-","TargetLinkedLogonId":"0x0","TargetUserName":"MEEREEN$","SubjectDomainName":"-","LogonProcessName":"Kerberos","KeyLength":"0","ProcessName":"-","TransmittedServices":"-","IpAddress":"::1","TargetOutboundDomainName":"-","TargetLogonId":"0x23c9bfc","ProcessId":"0x0","SubjectLogonId":"0x0","VirtualAccount":"%%1843","TargetDomainName":"ESSOS.LOCAL","LogonGuid":"{E2C1A26C-E36D-756D-B562-05D6AAFBC071}","LogonType":"3","ImpersonationLevel":"%%1833","ElevatedToken":"%%1842","SubjectUserSid":"S-1-0-0","TargetOutboundUserName":"-","AuthenticationPackageName":"Kerberos","TargetUserSid":"S-1-5-18","WorkstationName":"-","SubjectUserName":"-"},"OpenWEC":{"IpAddress":"10.202.0.137","TimeReceived":"2023-12-07T09:26:53.101550843+00:00","Principal":"MEEREEN$@ESSOS.LOCAL","Subscription":{"Uuid":"F94543B5-5A27-42CB-9E00-E1160AA41AEC","Version":"20CB299E-52CA-4316-BC51-86AC76801D00","Name":"anssi-subscription"}}}
{"System":{"Provider":{"Name":"Microsoft-Windows-Security-Auditing","Guid":"{54849625-5478-4994-A5BA-3E3B0328C30D}"},"EventID":4624,"Version":2,"Level":0,"Task":12544,"Opcode":0,"Keywords":"0x8020000000000000","TimeCreated":"2023-12-07T09:27:21.800574800Z","EventRecordID":53654,"Correlation":{},"Execution":{"ProcessID":620,"ThreadID":1820},"Channel":"Security","Computer":"meereen.essos.local"},"EventData":{"SubjectDomainName":"-","ProcessName":"-","IpPort":"51950","TargetLogonId":"0x23d93ed","ImpersonationLevel":"%%1833","ProcessId":"0x0","ElevatedToken":"%%1842","LogonProcessName":"Kerberos","SubjectLogonId":"0x0","AuthenticationPackageName":"Kerberos","WorkstationName":"-","SubjectUserSid":"S-1-0-0","TargetUserName":"MEEREEN$","LogonType":"3","TargetDomainName":"ESSOS.LOCAL","TransmittedServices":"-","KeyLength":"0","TargetOutboundUserName":"-","TargetOutboundDomainName":"-","IpAddress":"::1","RestrictedAdminMode":"-","VirtualAccount":"%%1843","TargetLinkedLogonId":"0x0","TargetUserSid":"S-1-5-18","LogonGuid":"{E2C1A26C-E36D-756D-B562-05D6AAFBC071}","SubjectUserName":"-","LmPackageName":"-"},"OpenWEC":{"IpAddress":"10.202.0.137","TimeReceived":"2023-12-07T09:27:53.083842496+00:00","Principal":"MEEREEN$@ESSOS.LOCAL","Subscription":{"Uuid":"F94543B5-5A27-42CB-9E00-E1160AA41AEC","Version":"20CB299E-52CA-4316-BC51-86AC76801D00","Name":"anssi-subscription"}}}
