{"System":{"Provider":{"Name":"Microsoft-Windows-Security-Auditing","Guid":"{54849625-5478-4994-A5BA-3E3B0328C30D}"},"EventID":4624,"Version":2,"Level":0,"Task":12544,"Opcode":0,"Keywords":"0x8020000000000000","TimeCreated":"2023-12-07T09:09:03.158877200Z","EventRecordID":53510,"Correlation":{"ActivityID":"{338D0FE0-26D1-0001-2B10-8D33D126DA01}"},"Execution":{"ProcessID":620,"ThreadID":4100},"Channel":"Security","Computer":"meereen.essos.local"},"EventData":{"TargetOutboundUserName":"-","ProcessId":"0x0","WorkstationName":"-","TargetLogonId":"0x230bb70","LogonGuid":"{00000000-0000-0000-0000-000000000000}","IpPort":"60072","TargetLinkedLogonId":"0x0","ElevatedToken":"%%1843","TargetOutboundDomainName":"-","SubjectUserName":"-","TargetUserName":"ANONYMOUS LOGON","LogonType":"3","KeyLength":"128","TargetDomainName":"NT AUTHORITY","ImpersonationLevel":"%%1833","LogonProcessName":"NtLmSsp ","SubjectLogonId":"0x0","SubjectDomainName":"-","ProcessName":"-","IpAddress":"10.202.0.130","TargetUserSid":"S-1-5-7","RestrictedAdminMode":"-","TransmittedServices":"-","AuthenticationPackageName":"NTLM","VirtualAccount":"%%1843","LmPackageName":"NTLM V1","SubjectUserSid":"S-1-0-0"},"OpenWEC":{"IpAddress":"10.202.0.137","TimeReceived":"2023-12-07T09:09:16.039420763+00:00","Principal":"MEEREEN$@ESSOS.LOCAL","Subscription":{"Uuid":"F94543B5-5A27-42CB-9E00-E1160AA41AEC","Version":"20CB299E-52CA-4316-BC51-86AC76801D00","Name":"anssi-subscription"}}}
{"System":{"Provider":{"Name":"Microsoft-Windows-Security-Auditing","Guid":"{54849625-5478-4994-A5BA-3E3B0328C30D}"},"EventID":4624,"Version":2,"Level":0,"Task":12544,"Opcode":0,"Keywords":"0x8020000000000000","TimeCreated":"2023-12-07T09:09:21.529130700Z","EventRecordID":53513,"Correlation":{},"Execution":{"ProcessID":620,"ThreadID":2720},"Channel":"Security","Computer":"meereen.essos.local"},"EventData":{"TransmittedServices":"-","SubjectUserSid":"S-1-0-0","SubjectLogonId":"0x0","TargetUserSid":"S-1-5-18","LogonProcessName":"Kerberos","ImpersonationLevel":"%%1833","ElevatedToken":"%%1842","WorkstationName":"-","LmPackageName":"-","TargetLogonId":"0x2313d26","TargetDomainName":"ESSOS.LOCAL","SubjectDomainName":"-","RestrictedAdminMode":"-","TargetOutboundUserName":"-","VirtualAccount":"%%1843","LogonType":"3","ProcessName":"-","TargetOutboundDomainName":"-","IpAddress":"::1","IpPort":"51349","LogonGuid":"{E2C1A26C-E36D-756D-B562-05D6AAFBC071}","AuthenticationPackageName":"Kerberos","SubjectUserName":"-","KeyLength":"0","ProcessId":"0x0","TargetUserName":"MEEREEN$","TargetLinkedLogonId":"0x0"},"OpenWEC":{"IpAddress":"10.202.0.137","TimeReceived":"2023-12-07T09:09:53.181746357+00:00","Principal":"MEEREEN$@ESSOS.LOCAL","Subscription":{"Uuid":"F94543B5-5A27-42CB-9E00-E1160AA41AEC","Version":"20CB299E-52CA-4316-BC51-86AC76801D00","Name":"anssi-subscription"}}}
{"System":{"Provider":{"Name":"Microsoft-Windows-Security-Auditing","Guid":"{54849625-5478-4994-A5BA-3E3B0328C30D}"},"EventID":4624,"Version":2,"Level":0,"Task":12544,"Opcode":0,"Keywords":"0x8020000000000000","TimeCreated":"2023-12-07T09:09:34.028350900Z","EventRecordID":53516,"Correlation":{},"Execution":{"ProcessID":620,"ThreadID":4048},"Channel":"Security","Computer":"meereen.essos.local"},"EventData":{"TargetLinkedLogonId":"0x0","TransmittedServices":"-","TargetUserSid":"S-1-5-18","AuthenticationPackageName":"Kerberos","ImpersonationLevel":"%%1833","TargetOutboundDomainName":"-","ElevatedToken":"%%1842","WorkstationName":"-","SubjectLogonId":"0x0","LogonType":"3","LmPackageName":"-","ProcessId":"0x0","SubjectUserName":"-","ProcessName":"-","IpPort":"51367","TargetOutboundUserName":"-","IpAddress":"fe80::71ea:2b1:64c2:cbc0","TargetUserName":"MEEREEN$","VirtualAccount":"%%1843","TargetDomainName":"ESSOS.LOCAL","RestrictedAdminMode":"-","TargetLogonId":"0x231b140","SubjectUserSid":"S-1-0-0","LogonProcessName":"Kerberos","KeyLength":"0","SubjectDomainName":"-","LogonGuid":"{26FFF56B-3659-571E-7DB1-EBE6503E7F24}"},"OpenWEC":{"IpAddress":"10.202.0.137","TimeReceived":"2023-12-07T09:09:53.181746357+00:00","Principal":"MEEREEN$@ESSOS.LOCAL","Subscription":{"Uuid":"F94543B5-5A27-42CB-9E00-E1160AA41AEC","Version":"20CB299E-52CA-4316-BC51-86AC76801D00","Name":"anssi-subscription"}}}
{"System":{"Provider":{"Name":"Microsoft-Windows-Security-Auditing","Guid":"{54849625-5478-4994-A5BA-3E3B0328C30D}"},"EventID":4624,"Version":2,"Level":0,"Task":12544,"Opcode":0,"Keywords":"0x8020000000000000","TimeCreated":"2023-12-07T09:10:21.543917900Z","EventRecordID":53518,"Correlation":{},"Execution":{"ProcessID":620,"ThreadID":1820},"Channel":"Security","Computer":"meereen.essos.local"},"EventData":{"VirtualAccount":"%%1843","TargetUserSid":"S-1-5-18","WorkstationName":"-","IpPort":"51426","RestrictedAdminMode":"-","SubjectUserName":"-","KeyLength":"0","TargetUserName":"MEEREEN$","LogonType":"3","TransmittedServices":"-","ElevatedToken":"%%1842","LogonProcessName":"Kerberos","ProcessId":"0x0","IpAddress":"::1","TargetOutboundUserName":"-","SubjectLogonId":"0x0","TargetOutboundDomainName":"-","TargetLinkedLogonId":"0x0","TargetDomainName":"ESSOS.LOCAL","LmPackageName":"-","TargetLogonId":"0x232e823","SubjectUserSid":"S-1-0-0","ProcessName":"-","SubjectDomainName":"-","AuthenticationPackageName":"Kerberos","ImpersonationLevel":"%%1833","LogonGuid":"{E2C1A26C-E36D-756D-B562-05D6AAFBC071}"},"OpenWEC":{"IpAddress":"10.202.0.137","TimeReceived":"2023-12-07T09:10:52.867785621+00:00","Principal":"MEEREEN$@ESSOS.LOCAL","Subscription":{"Uuid":"F94543B5-5A27-42CB-9E00-E1160AA41AEC","Version":"20CB299E-52CA-4316-BC51-86AC76801D00","Name":"anssi-subscription"}}}
{"System":{"Provider":{"Name":"Microsoft-Windows-Security-Auditing","Guid":"{54849625-5478-4994-A5BA-3E3B0328C30D}"},"EventID":4624,"Version":2,"Level":0,"Task":12544,"Opcode":0,"Keywords":"0x8020000000000000","TimeCreated":"2023-12-07T09:10:47.560484500Z","EventRecordID":53521,"Correlation":{},"Execution":{"ProcessID":620,"ThreadID":2720},"Channel":"Security","Computer":"meereen.essos.local"},"EventData":{"SubjectLogonId":"0x0","RestrictedAdminMode":"-","TargetUserSid":"S-1-5-18","TargetLinkedLogonId":"0x0","ElevatedToken":"%%1842","LogonProcessName":"Kerberos","IpPort":"51442","LogonGuid":"{E2C1A26C-E36D-756D-B562-05D6AAFBC071}","SubjectDomainName":"-","TargetLogonId":"0x2332405","TargetDomainName":"ESSOS.LOCAL","SubjectUserName":"-","LogonType":"3","KeyLength":"0","ProcessId":"0x0","IpAddress":"fe80::71ea:2b1:64c2:cbc0","TargetOutboundUserName":"-","ImpersonationLevel":"%%1833","AuthenticationPackageName":"Kerberos","TargetOutboundDomainName":"-","VirtualAccount":"%%1843","TargetUserName":"MEEREEN$","WorkstationName":"-","SubjectUserSid":"S-1-0-0","ProcessName":"-","LmPackageName":"-","TransmittedServices":"-"},"OpenWEC":{"IpAddress":"10.202.0.137","TimeReceived":"2023-12-07T09:10:52.867785621+00:00","Principal":"MEEREEN$@ESSOS.LOCAL","Subscription":{"Uuid":"F94543B5-5A27-42CB-9E00-E1160AA41AEC","Version":"20CB299E-52CA-4316-BC51-86AC76801D00","Name":"anssi-subscription"}}}
{"System":{"Provider":{"Name":"Microsoft-Windows-Security-Auditing","Guid":"{54849625-5478-4994-A5BA-3E3B0328C30D}"},"EventID":4624,"Version":2,"Level":0,"Task":12544,"Opcode":0,"Keywords":"0x8020000000000000","TimeCreated":"2023-12-07T09:10:47.570193400Z","EventRecordID":53523,"Correlation":{"ActivityID":"{338D0FE0-26D1-0001-2B10-8D33D126DA01}"},"Execution":{"ProcessID":620,"ThreadID":4048},"Channel":"Security","Computer":"meereen.essos.local"},"EventData":{"TransmittedServices":"-","TargetDomainName":"ESSOS.LOCAL","ElevatedToken":"%%1842","SubjectLogonId":"0x0","ProcessName":"-","TargetOutboundUserName":"-","IpAddress":"::1","ImpersonationLevel":"%%1833","LogonGuid":"{77432E8F-8464-F995-2F77-7893056EDE81}","AuthenticationPackageName":"Kerberos","LmPackageName":"-","TargetUserName":"MEEREEN$","WorkstationName":"-","LogonProcessName":"Kerberos","KeyLength":"0","SubjectUserSid":"S-1-0-0","LogonType":"3","TargetLogonId":"0x23324fc","ProcessId":"0x0","IpPort":"0","TargetOutboundDomainName":"-","VirtualAccount":"%%1843","TargetUserSid":"S-1-5-18","SubjectDomainName":"-","TargetLinkedLogonId":"0x0","SubjectUserName":"-","RestrictedAdminMode":"-"},"OpenWEC":{"IpAddress":"10.202.0.137","TimeReceived":"2023-12-07T09:10:52.867785621+00:00","Principal":"MEEREEN$@ESSOS.LOCAL","Subscription":{"Uuid":"F94543B5-5A27-42CB-9E00-E1160AA41AEC","Version":"20CB299E-52CA-4316-BC51-86AC76801D00","Name":"anssi-subscription"}}}
{"System":{"Provider":{"Name":"Microsoft-Windows-Security-Auditing","Guid":"{54849625-5478-4994-A5BA-3E3B0328C30D}"},"EventID":4624,"Version":2,"Level":0,"Task":12544,"Opcode":0,"Keywords":"0x8020000000000000","TimeCreated":"2023-12-07T09:10:47.573187200Z","EventRecordID":53525,"Correlation":{},"Execution":{"ProcessID":620,"ThreadID":2720},"Channel":"Security","Computer":"meereen.essos.local"},"EventData":{"RestrictedAdminMode":"-","LogonProcessName":"Kerberos","LogonGuid":"{8E7C7257-7437-9193-1D66-0868F5563E73}","TargetOutboundUserName":"-","SubjectUserName":"-","KeyLength":"0","SubjectUserSid":"S-1-0-0","AuthenticationPackageName":"Kerberos","IpAddress":"192.168.56.12","ElevatedToken":"%%1842","ProcessId":"0x0","TargetUserName":"MEEREEN$","TargetLinkedLogonId":"0x0","VirtualAccount":"%%1843","LmPackageName":"-","SubjectLogonId":"0x0","TargetOutboundDomainName":"-","ImpersonationLevel":"%%1833","TransmittedServices":"-","IpPort":"51443","SubjectDomainName":"-","TargetDomainName":"ESSOS.LOCAL","TargetLogonId":"0x2332547","TargetUserSid":"S-1-5-18","LogonType":"3","WorkstationName":"-","ProcessName":"-"},"OpenWEC":{"IpAddress":"10.202.0.137","TimeReceived":"2023-12-07T09:10:52.867785621+00:00","Principal":"MEEREEN$@ESSOS.LOCAL","Subscription":{"Uuid":"F94543B5-5A27-42CB-9E00-E1160AA41AEC","Version":"20CB299E-52CA-4316-BC51-86AC76801D00","Name":"anssi-subscription"}}}
{"System":{"Provider":{"Name":"Microsoft-Windows-Security-Auditing","Guid":"{54849625-5478-4994-A5BA-3E3B0328C30D}"},"EventID":4624,"Version":2,"Level":0,"Task":12544,"Opcode":0,"Keywords":"0x8020000000000000","TimeCreated":"2023-12-07T09:10:47.688163300Z","EventRecordID":53527,"Correlation":{"ActivityID":"{338D0FE0-26D1-0001-2B10-8D33D126DA01}"},"Execution":{"ProcessID":620,"ThreadID":3748},"Channel":"Security","Computer":"meereen.essos.local"},"EventData":{"ProcessId":"0x0","ImpersonationLevel":"%%1840","IpPort":"51444","IpAddress":"fe80::71ea:2b1:64c2:cbc0","SubjectDomainName":"-","ProcessName":"-","TargetOutboundUserName":"-","LogonProcessName":"Kerberos","TargetUserName":"MEEREEN$","SubjectUserSid":"S-1-0-0","SubjectLogonId":"0x0","TargetLinkedLogonId":"0x0","AuthenticationPackageName":"Kerberos","WorkstationName":"-","LogonGuid":"{8E7C7257-7437-9193-1D66-0868F5563E73}","TargetDomainName":"ESSOS.LOCAL","RestrictedAdminMode":"-","TargetOutboundDomainName":"-","SubjectUserName":"-","VirtualAccount":"%%1843","TargetLogonId":"0x23325b1","ElevatedToken":"%%1842","TransmittedServices":"-","LmPackageName":"-","LogonType":"3","TargetUserSid":"S-1-5-18","KeyLength":"0"},"OpenWEC":{"IpAddress":"10.202.0.137","TimeReceived":"2023-12-07T09:10:52.867785621+00:00","Principal":"MEEREEN$@ESSOS.LOCAL","Subscription":{"Uuid":"F94543B5-5A27-42CB-9E00-E1160AA41AEC","Version":"20CB299E-52CA-4316-BC51-86AC76801D00","Name":"anssi-subscription"}}}
{"System":{"Provider":{"Name":"Microsoft-Windows-Security-Auditing","Guid":"{54849625-5478-4994-A5BA-3E3B0328C30D}"},"EventID":4624,"Version":2,"Level":0,"Task":12544,"Opcode":0,"Keywords":"0x8020000000000000","TimeCreated":"2023-12-07T09:11:21.557890800Z","EventRecordID":53534,"Correlation":{},"Execution":{"ProcessID":620,"ThreadID":1820},"Channel":"Security","Computer":"meereen.essos.local"},"EventData":{"LogonType":"3","SubjectUserSid":"S-1-0-0","LogonGuid":"{E2C1A26C-E36D-756D-B562-05D6AAFBC071}","AuthenticationPackageName":"Kerberos","TargetUserSid":"S-1-5-18","SubjectDomainName":"-","TransmittedServices":"-","TargetOutboundUserName":"-","VirtualAccount":"%%1843","TargetOutboundDomainName":"-","TargetLinkedLogonId":"0x0","TargetLogonId":"0x23383b6","SubjectLogonId":"0x0","ElevatedToken":"%%1842","IpPort":"51473","LogonProcessName":"Kerberos","LmPackageName":"-","KeyLength":"0","ImpersonationLevel":"%%1833","TargetDomainName":"ESSOS.LOCAL","ProcessId":"0x0","TargetUserName":"MEEREEN$","WorkstationName":"-","ProcessName":"-","IpAddress":"::1","RestrictedAdminMode":"-","SubjectUserName":"-"},"OpenWEC":{"IpAddress":"10.202.0.137","TimeReceived":"2023-12-07T09:11:52.866614380+00:00","Principal":"MEEREEN$@ESSOS.LOCAL","Subscription":{"Uuid":"F94543B5-5A27-42CB-9E00-E1160AA41AEC","Version":"20CB299E-52CA-4316-BC51-86AC76801D00","Name":"anssi-subscription"}}}
{"System":{"Provider":{"Name":"Microsoft-Windows-Security-Auditing","Guid":"{54849625-5478-4994-A5BA-3E3B0328C30D}"},"EventID":4624,"Version":2,"Level":0,"Task":12544,"Opcode":0,"Keywords":"0x8020000000000000","TimeCreated":"2023-12-07T09:12:21.561489800Z","EventRecordID":53537,"Correlation":{},"Execution":{"ProcessID":620,"ThreadID":1820},"Channel":"Security","Computer":"meereen.essos.local"},"EventData":{"LogonType":"3","TargetLinkedLogonId":"0x0","ImpersonationLevel":"%%1833","AuthenticationPackageName":"Kerberos","TransmittedServices":"-","TargetOutboundUserName":"-","WorkstationName":"-","IpAddress":"::1","ProcessName":"-","SubjectUserName":"-","VirtualAccount":"%%1843","TargetLogonId":"0x23401cd","TargetUserName":"MEEREEN$","TargetDomainName":"ESSOS.LOCAL","SubjectDomainName":"-","SubjectUserSid":"S-1-0-0","LmPackageName":"-","TargetUserSid":"S-1-5-18","LogonProcessName":"Kerberos","KeyLength":"0","ElevatedToken":"%%1842","LogonGuid":"{E2C1A26C-E36D-756D-B562-05D6AAFBC071}","ProcessId":"0x0","RestrictedAdminMode":"-","SubjectLogonId":"0x0","TargetOutboundDomainName":"-","IpPort":"51509"},"OpenWEC":{"IpAddress":"10.202.0.137","TimeReceived":"2023-12-07T09:12:52.866537030+00:00","Principal":"MEEREEN$@ESSOS.LOCAL","Subscription":{"Uuid":"F94543B5-5A27-42CB-9E00-E1160AA41AEC","Version":"20CB299E-52CA-4316-BC51-86AC76801D00","Name":"anssi-subscription"}}}
{"System":{"Provider":{"Name":"Microsoft-Windows-Security-Auditing","Guid":"{54849625-5478-4994-A5BA-3E3B0328C30D}"},"EventID":4624,"Version":2,"Level":0,"Task":12544,"Opcode":0,"Keywords":"0x8020000000000000","TimeCreated":"2023-12-07T09:12:30.764950400Z","EventRecordID":53540,"Correlation":{"ActivityID":"{338D0FE0-26D1-0001-2B10-8D33D126DA01}"},"Execution":{"ProcessID":620,"ThreadID":4048},"Channel":"Security","Computer":"meereen.essos.local"},"EventData":{"TargetDomainName":"ESSOS.LOCAL","TargetLinkedLogonId":"0x0","LogonGuid":"{4BA3AC6D-6CAF-A16F-959E-349FB3DAFA71}","VirtualAccount":"%%1843","TargetOutboundDomainName":"-","ElevatedToken":"%%1842","SubjectUserSid":"S-1-0-0","KeyLength":"0","LmPackageName":"-","ProcessId":"0x0","IpPort":"51518","SubjectLogonId":"0x0","TargetLogonId":"0x23422e5","TargetOutboundUserName":"-","AuthenticationPackageName":"Kerberos","SubjectDomainName":"-","WorkstationName":"-","TransmittedServices":"-","ProcessName":"-","SubjectUserName":"-","LogonType":"3","LogonProcessName":"Kerberos","TargetUserSid":"S-1-5-18","IpAddress":"fe80::71ea:2b1:64c2:cbc0","TargetUserName":"MEEREEN$","ImpersonationLevel":"%%1840","RestrictedAdminMode":"-"},"OpenWEC":{"IpAddress":"10.202.0.137","TimeReceived":"2023-12-07T09:12:52.866537030+00:00","Principal":"MEEREEN$@ESSOS.LOCAL","Subscription":{"Uuid":"F94543B5-5A27-42CB-9E00-E1160AA41AEC","Version":"20CB299E-52CA-4316-BC51-86AC76801D00","Name":"anssi-subscription"}}}
{"System":{"Provider":{"Name":"Microsoft-Windows-Security-Auditing","Guid":"{54849625-5478-4994-A5BA-3E3B0328C30D}"},"EventID":4624,"Version":2,"Level":0,"Task":12544,"Opcode":0,"Keywords":"0x8020000000000000","TimeCreated":"2023-12-07T09:12:48.565208100Z","EventRecordID":53542,"Correlation":{"ActivityID":"{338D0FE0-26D1-0001-2B10-8D33D126DA01}"},"Execution":{"ProcessID":620,"ThreadID":3748},"Channel":"Security","Computer":"meereen.essos.local"},"EventData":{"VirtualAccount":"%%1843","ElevatedToken":"%%1843","TargetLinkedLogonId":"0x0","RestrictedAdminMode":"-","TargetLogonId":"0x2344519","TargetOutboundUserName":"-","LogonGuid":"{00000000-0000-0000-0000-000000000000}","ProcessName":"-","WorkstationName":"-","TargetOutboundDomainName":"-","SubjectUserName":"-","AuthenticationPackageName":"NTLM","LogonProcessName":"NtLmSsp ","SubjectLogonId":"0x0","TargetDomainName":"NT AUTHORITY","SubjectUserSid":"S-1-0-0","SubjectDomainName":"-","TargetUserName":"ANONYMOUS LOGON","LogonType":"3","KeyLength":"128","ProcessId":"0x0","IpAddress":"10.202.0.126","IpPort":"52336","TargetUserSid":"S-1-5-7","TransmittedServices":"-","LmPackageName":"NTLM V1","ImpersonationLevel":"%%1833"},"OpenWEC":{"IpAddress":"10.202.0.137","TimeReceived":"2023-12-07T09:12:52.866537030+00:00","Principal":"MEEREEN$@ESSOS.LOCAL","Subscription":{"Uuid":"F94543B5-5A27-42CB-9E00-E1160AA41AEC","Version":"20CB299E-52CA-4316-BC51-86AC76801D00","Name":"anssi-subscription"}}}
{"System":{"Provider":{"Name":"Microsoft-Windows-Security-Auditing","Guid":"{54849625-5478-4994-A5BA-3E3B0328C30D}"},"EventID":4624,"Version":2,"Level":0,"Task":12544,"Opcode":0,"Keywords":"0x8020000000000000","TimeCreated":"2023-12-07T09:13:21.587001400Z","EventRecordID":53545,"Correlation":{},"Execution":{"ProcessID":620,"ThreadID":1820},"Channel":"Security","Computer":"meereen.essos.local"},"EventData":{"ImpersonationLevel":"%%1833","SubjectUserName":"-","LogonProcessName":"Kerberos","KeyLength":"0","TargetDomainName":"ESSOS.LOCAL","LogonGuid":"{E2C1A26C-E36D-756D-B562-05D6AAFBC071}","AuthenticationPackageName":"Kerberos","ProcessName":"-","IpAddress":"::1","TransmittedServices":"-","SubjectUserSid":"S-1-0-0","TargetOutboundUserName":"-","WorkstationName":"-","VirtualAccount":"%%1843","ProcessId":"0x0","ElevatedToken":"%%1842","TargetLinkedLogonId":"0x0","TargetOutboundDomainName":"-","SubjectLogonId":"0x0","LogonType":"3","SubjectDomainName":"-","LmPackageName":"-","IpPort":"51544","TargetUserName":"MEEREEN$","RestrictedAdminMode":"-","TargetLogonId":"0x2349405","TargetUserSid":"S-1-5-18"},"OpenWEC":{"IpAddress":"10.202.0.137","TimeReceived":"2023-12-07T09:13:52.897445199+00:00","Principal":"MEEREEN$@ESSOS.LOCAL","Subscription":{"Uuid":"F94543B5-5A27-42CB-9E00-E1160AA41AEC","Version":"20CB299E-52CA-4316-BC51-86AC76801D00","Name":"anssi-subscription"}}}
{"System":{"Provider":{"Name":"Microsoft-Windows-Security-Auditing","Guid":"{54849625-5478-4994-A5BA-3E3B0328C30D}"},"EventID":4624,"Version":2,"Level":0,"Task":12544,"Opcode":0,"Keywords":"0x8020000000000000","TimeCreated":"2023-12-07T09:13:42.310862200Z","EventRecordID":53547,"Correlation":{"ActivityID":"{338D0FE0-26D1-0001-2B10-8D33D126DA01}"},"Execution":{"ProcessID":620,"ThreadID":3748},"Channel":"Security","Computer":"meereen.essos.local"},"EventData":{"SubjectDomainName":"-","TargetDomainName":"NT AUTHORITY","TargetUserSid":"S-1-5-7","LogonType":"3","TargetUserName":"ANONYMOUS LOGON","WorkstationName":"-","TargetOutboundDomainName":"-","ImpersonationLevel":"%%1833","ElevatedToken":"%%1843","ProcessId":"0x0","SubjectLogonId":"0x0","LogonGuid":"{00000000-0000-0000-0000-000000000000}","TransmittedServices":"-","LmPackageName":"NTLM V1","SubjectUserName":"-","LogonProcessName":"NtLmSsp ","ProcessName":"-","AuthenticationPackageName":"NTLM","IpPort":"60224","KeyLength":"128","RestrictedAdminMode":"-","TargetOutboundUserName":"-","VirtualAccount":"%%1843","TargetLogonId":"0x234c6cb","SubjectUserSid":"S-1-0-0","TargetLinkedLogonId":"0x0","IpAddress":"10.202.0.126"},"OpenWEC":{"IpAddress":"10.202.0.137","TimeReceived":"2023-12-07T09:13:52.897445199+00:00","Principal":"MEEREEN$@ESSOS.LOCAL","Subscription":{"Uuid":"F94543B5-5A27-42CB-9E00-E1160AA41AEC","Version":"20CB299E-52CA-4316-BC51-86AC76801D00","Name":"anssi-subscription"}}}
{"System":{"Provider":{"Name":"Microsoft-Windows-Security-Auditing","Guid":"{54849625-5478-4994-A5BA-3E3B0328C30D}"},"EventID":4624,"Version":2,"Level":0,"Task":12544,"Opcode":0,"Keywords":"0x8020000000000000","TimeCreated":"2023-12-07T09:13:45.227137300Z","EventRecordID":53550,"Correlation":{},"Execution":{"ProcessID":620,"ThreadID":1820},"Channel":"Security","Computer":"meereen.essos.local"},"EventData":{"ProcessId":"0x0","LogonGuid":"{E2C1A26C-E36D-756D-B562-05D6AAFBC071}","ElevatedToken":"%%1842","KeyLength":"0","TargetUserSid":"S-1-5-18","RestrictedAdminMode":"-","LmPackageName":"-","VirtualAccount":"%%1843","SubjectLogonId":"0x0","TargetLinkedLogonId":"0x0","TargetLogonId":"0x234cd53","ProcessName":"-","TargetUserName":"MEEREEN$","IpPort":"51555","ImpersonationLevel":"%%1833","TargetOutboundUserName":"-","AuthenticationPackageName":"Kerberos","LogonType":"3","LogonProcessName":"Kerberos","TransmittedServices":"-","TargetOutboundDomainName":"-","IpAddress":"fe80::71ea:2b1:64c2:cbc0","SubjectUserName":"-","WorkstationName":"-","TargetDomainName":"ESSOS.LOCAL","SubjectUserSid":"S-1-0-0","SubjectDomainName":"-"},"OpenWEC":{"IpAddress":"10.202.0.137","TimeReceived":"2023-12-07T09:13:52.897445199+00:00","Principal":"MEEREEN$@ESSOS.LOCAL","Subscription":{"Uuid":"F94543B5-5A27-42CB-9E00-E1160AA41AEC","Version":"20CB299E-52CA-4316-BC51-86AC76801D00","Name":"anssi-subscription"}}}
{"System":{"Provider":{"Name":"Microsoft-Windows-Security-Auditing","Guid":"{54849625-5478-4994-A5BA-3E3B0328C30D}"},"EventID":4624,"Version":2,"Level":0,"Task":12544,"Opcode":0,"Keywords":"0x8020000000000000","TimeCreated":"2023-12-07T09:13:45.233077700Z","EventRecordID":53553,"Correlation":{},"Execution":{"ProcessID":620,"ThreadID":2720},"Channel":"Security","Computer":"meereen.essos.local"},"EventData":{"AuthenticationPackageName":"Kerberos","TransmittedServices":"-","LmPackageName":"-","TargetOutboundDomainName":"-","ElevatedToken":"%%1842","SubjectDomainName":"-","LogonGuid":"{E2C1A26C-E36D-756D-B562-05D6AAFBC071}","TargetOutboundUserName":"-","SubjectLogonId":"0x0","KeyLength":"0","TargetUserName":"MEEREEN$","LogonProcessName":"Kerberos","TargetUserSid":"S-1-5-18","IpPort":"51556","VirtualAccount":"%%1843","ProcessId":"0x0","IpAddress":"fe80::71ea:2b1:64c2:cbc0","TargetLogonId":"0x234cdd2","ImpersonationLevel":"%%1833","TargetDomainName":"ESSOS.LOCAL","SubjectUserName":"-","LogonType":"3","ProcessName":"-","RestrictedAdminMode":"-","TargetLinkedLogonId":"0x0","WorkstationName":"-","SubjectUserSid":"S-1-0-0"},"OpenWEC":{"IpAddress":"10.202.0.137","TimeReceived":"2023-12-07T09:13:52.897445199+00:00","Principal":"MEEREEN$@ESSOS.LOCAL","Subscription":{"Uuid":"F94543B5-5A27-42CB-9E00-E1160AA41AEC","Version":"20CB299E-52CA-4316-BC51-86AC76801D00","Name":"anssi-subscription"}}}
{"System":{"Provider":{"Name":"Microsoft-Windows-Security-Auditing","Guid":"{54849625-5478-4994-A5BA-3E3B0328C30D}"},"EventID":4624,"Version":2,"Level":0,"Task":12544,"Opcode":0,"Keywords":"0x8020000000000000","TimeCreated":"2023-12-07T09:14:21.601613800Z","EventRecordID":53556,"Correlation":{},"Execution":{"ProcessID":620,"ThreadID":2720},"Channel":"Security","Computer":"meereen.essos.local"},"EventData":{"ProcessId":"0x0","SubjectUserName":"-","WorkstationName":"-","TargetOutboundUserName":"-","TransmittedServices":"-","TargetOutboundDomainName":"-","IpAddress":"::1","AuthenticationPackageName":"Kerberos","LmPackageName":"-","TargetDomainName":"ESSOS.LOCAL","LogonType":"3","TargetUserSid":"S-1-5-18","TargetLogonId":"0x23569ec","ImpersonationLevel":"%%1833","SubjectUserSid":"S-1-0-0","VirtualAccount":"%%1843","TargetLinkedLogonId":"0x0","RestrictedAdminMode":"-","KeyLength":"0","LogonGuid":"{E2C1A26C-E36D-756D-B562-05D6AAFBC071}","TargetUserName":"MEEREEN$","ProcessName":"-","IpPort":"51576","SubjectLogonId":"0x0","ElevatedToken":"%%1842","SubjectDomainName":"-","LogonProcessName":"Kerberos"},"OpenWEC":{"IpAddress":"10.202.0.137","TimeReceived":"2023-12-07T09:14:52.910878860+00:00","Principal":"MEEREEN$@ESSOS.LOCAL","Subscription":{"Uuid":"F94543B5-5A27-42CB-9E00-E1160AA41AEC","Version":"20CB299E-52CA-4316-BC51-86AC76801D00","Name":"anssi-subscription"}}}
{"System":{"Provider":{"Name":"Microsoft-Windows-Security-Auditing","Guid":"{54849625-5478-4994-A5BA-3E3B0328C30D}"},"EventID":4624,"Version":2,"Level":0,"Task":12544,"Opcode":0,"Keywords":"0x8020000000000000","TimeCreated":"2023-12-07T09:15:21.631017400Z","EventRecordID":53559,"Correlation":{},"Execution":{"ProcessID":620,"ThreadID":1820},"Channel":"Security","Computer":"meereen.essos.local"},"EventData":{"TargetUserName":"MEEREEN$","TargetUserSid":"S-1-5-18","TargetDomainName":"ESSOS.LOCAL","TargetLogonId":"0x235f6e2","LmPackageName":"-","KeyLength":"0","LogonGuid":"{E2C1A26C-E36D-756D-B562-05D6AAFBC071}","TargetOutboundUserName":"-","IpPort":"51605","TargetOutboundDomainName":"-","TransmittedServices":"-","AuthenticationPackageName":"Kerberos","ElevatedToken":"%%1842","SubjectUserName":"-","LogonType":"3","SubjectUserSid":"S-1-0-0","SubjectLogonId":"0x0","WorkstationName":"-","VirtualAccount":"%%1843","IpAddress":"::1","LogonProcessName":"Kerberos","ProcessId":"0x0","SubjectDomainName":"-","ProcessName":"-","RestrictedAdminMode":"-","TargetLinkedLogonId":"0x0","ImpersonationLevel":"%%1833"},"OpenWEC":{"IpAddress":"10.202.0.137","TimeReceived":"2023-12-07T09:15:53.583403173+00:00","Principal":"MEEREEN$@ESSOS.LOCAL","Subscription":{"Uuid":"F94543B5-5A27-42CB-9E00-E1160AA41AEC","Version":"20CB299E-52CA-4316-BC51-86AC76801D00","Name":"anssi-subscription"}}}
{"System":{"Provider":{"Name":"Microsoft-Windows-Security-Auditing","Guid":"{54849625-5478-4994-A5BA-3E3B0328C30D}"},"EventID":4624,"Version":2,"Level":0,"Task":12544,"Opcode":0,"Keywords":"0x8020000000000000","TimeCreated":"2023-12-07T09:15:25.232869300Z","EventRecordID":53562,"Correlation":{},"Execution":{"ProcessID":620,"ThreadID":1820},"Channel":"Security","Computer":"meereen.essos.local"},"EventData":{"TargetOutboundUserName":"-","TargetLogonId":"0x2360576","TargetUserSid":"S-1-5-18","LogonType":"3","WorkstationName":"-","LogonGuid":"{8E7C7257-7437-9193-1D66-0868F5563E73}","IpPort":"51609","ImpersonationLevel":"%%1833","LogonProcessName":"Kerberos","KeyLength":"0","TransmittedServices":"-","SubjectUserName":"-","AuthenticationPackageName":"Kerberos","SubjectUserSid":"S-1-0-0","SubjectLogonId":"0x0","TargetUserName":"MEEREEN$","LmPackageName":"-","SubjectDomainName":"-","ProcessId":"0x0","ProcessName":"-","TargetDomainName":"ESSOS.LOCAL","IpAddress":"fe80::71ea:2b1:64c2:cbc0","RestrictedAdminMode":"-","TargetOutboundDomainName":"-","VirtualAccount":"%%1843","ElevatedToken":"%%1842","TargetLinkedLogonId":"0x0"},"OpenWEC":{"IpAddress":"10.202.0.137","TimeReceived":"2023-12-07T09:15:53.583403173+00:00","Principal":"MEEREEN$@ESSOS.LOCAL","Subscription":{"Uuid":"F94543B5-5A27-42CB-9E00-E1160AA41AEC","Version":"20CB299E-52CA-4316-BC51-86AC76801D00","Name":"anssi-subscription"}}}
{"System":{"Provider":{"Name":"Microsoft-Windows-Security-Auditing","Guid":"{54849625-5478-4994-A5BA-3E3B0328C30D}"},"EventID":4624,"Version":2,"Level":0,"Task":12544,"Opcode":0,"Keywords":"0x8020000000000000","TimeCreated":"2023-12-07T09:15:44.850754900Z","EventRecordID":53564,"Correlation":{"ActivityID":"{338D0FE0-26D1-0001-2B10-8D33D126DA01}"},"Execution":{"ProcessID":620,"ThreadID":8380},"Channel":"Security","Computer":"meereen.essos.local"},"EventData":{"TargetUserSid":"S-1-5-21-2479543311-1709999589-3761869525-1104","LmPackageName":"-","IpAddress":"192.168.56.23","IpPort":"57716","LogonProcessName":"Kerberos","TargetDomainName":"ESSOS.LOCAL","LogonGuid":"{80A29DD1-5A54-D6D1-B8B4-628BA00119A6}","RestrictedAdminMode":"-","TargetOutboundUserName":"-","TargetLinkedLogonId":"0x0","ElevatedToken":"%%1842","ProcessId":"0x0","SubjectUserSid":"S-1-0-0","LogonType":"3","WorkstationName":"-","TargetUserName":"BRAAVOS$","SubjectLogonId":"0x0","KeyLength":"0","ProcessName":"-","SubjectUserName":"-","AuthenticationPackageName":"Kerberos","ImpersonationLevel":"%%1840","TargetOutboundDomainName":"-","TargetLogonId":"0x23633cf","TransmittedServices":"-","VirtualAccount":"%%1843","SubjectDomainName":"-"},"OpenWEC":{"IpAddress":"10.202.0.137","TimeReceived":"2023-12-07T09:15:53.583403173+00:00","Principal":"MEEREEN$@ESSOS.LOCAL","Subscription":{"Uuid":"F94543B5-5A27-42CB-9E00-E1160AA41AEC","Version":"20CB299E-52CA-4316-BC51-86AC76801D00","Name":"anssi-subscription"}}}
{"System":{"Provider":{"Name":"Microsoft-Windows-Security-Auditing","Guid":"{54849625-5478-4994-A5BA-3E3B0328C30D}"},"EventID":4624,"Version":2,"Level":0,"Task":12544,"Opcode":0,"Keywords":"0x8020000000000000","TimeCreated":"2023-12-07T09:15:47.726377000Z","EventRecordID":53566,"Correlation":{},"Execution":{"ProcessID":620,"ThreadID":1820},"Channel":"Security","Computer":"meereen.essos.local"},"EventData":{"ProcessId":"0x0","KeyLength":"0","IpAddress":"fe80::71ea:2b1:64c2:cbc0","TargetLogonId":"0x2363d25","TargetUserName":"MEEREEN$","LogonGuid":"{8E7C7257-7437-9193-1D66-0868F5563E73}","SubjectDomainName":"-","SubjectLogonId":"0x0","WorkstationName":"-","ImpersonationLevel":"%%1833","TargetLinkedLogonId":"0x0","SubjectUserSid":"S-1-0-0","TargetOutboundDomainName":"-","LogonProcessName":"Kerberos","LogonType":"3","ElevatedToken":"%%1842","ProcessName":"-","TargetOutboundUserName":"-","IpPort":"51621","TargetDomainName":"ESSOS.LOCAL","SubjectUserName":"-","TransmittedServices":"-","LmPackageName":"-","VirtualAccount":"%%1843","TargetUserSid":"S-1-5-18","RestrictedAdminMode":"-","AuthenticationPackageName":"Kerberos"},"OpenWEC":{"IpAddress":"10.202.0.137","TimeReceived":"2023-12-07T09:15:53.583403173+00:00","Principal":"MEEREEN$@ESSOS.LOCAL","Subscription":{"Uuid":"F94543B5-5A27-42CB-9E00-E1160AA41AEC","Version":"20CB299E-52CA-4316-BC51-86AC76801D00","Name":"anssi-subscription"}}}
{"System":{"Provider":{"Name":"Microsoft-Windows-Security-Auditing","Guid":"{54849625-5478-4994-A5BA-3E3B0328C30D}"},"EventID":4624,"Version":2,"Level":0,"Task":12544,"Opcode":0,"Keywords":"0x8020000000000000","TimeCreated":"2023-12-07T09:15:47.736017000Z","EventRecordID":53568,"Correlation":{"ActivityID":"{338D0FE0-26D1-0001-2B10-8D33D126DA01}"},"Execution":{"ProcessID":620,"ThreadID":8380},"Channel":"Security","Computer":"meereen.essos.local"},"EventData":{"TargetOutboundUserName":"-","LogonGuid":"{77432E8F-8464-F995-2F77-7893056EDE81}","TargetUserName":"MEEREEN$","AuthenticationPackageName":"Kerberos","LmPackageName":"-","ProcessName":"-","SubjectUserName":"-","KeyLength":"0","IpAddress":"::1","SubjectUserSid":"S-1-0-0","LogonProcessName":"Kerberos","WorkstationName":"-","TargetOutboundDomainName":"-","TargetLinkedLogonId":"0x0","IpPort":"0","ImpersonationLevel":"%%1833","TargetDomainName":"ESSOS.LOCAL","ProcessId":"0x0","RestrictedAdminMode":"-","SubjectDomainName":"-","VirtualAccount":"%%1843","TargetUserSid":"S-1-5-18","TransmittedServices":"-","LogonType":"3","SubjectLogonId":"0x0","TargetLogonId":"0x2363e1c","ElevatedToken":"%%1842"},"OpenWEC":{"IpAddress":"10.202.0.137","TimeReceived":"2023-12-07T09:15:53.583403173+00:00","Principal":"MEEREEN$@ESSOS.LOCAL","Subscription":{"Uuid":"F94543B5-5A27-42CB-9E00-E1160AA41AEC","Version":"20CB299E-52CA-4316-BC51-86AC76801D00","Name":"anssi-subscription"}}}
{"System":{"Provider":{"Name":"Microsoft-Windows-Security-Auditing","Guid":"{54849625-5478-4994-A5BA-3E3B0328C30D}"},"EventID":4624,"Version":2,"Level":0,"Task":12544,"Opcode":0,"Keywords":"0x8020000000000000","TimeCreated":"2023-12-07T09:15:47.737924600Z","EventRecordID":53570,"Correlation":{},"Execution":{"ProcessID":620,"ThreadID":1820},"Channel":"Security","Computer":"meereen.essos.local"},"EventData":{"SubjectUserName":"-","LmPackageName":"-","SubjectDomainName":"-","TargetDomainName":"ESSOS.LOCAL","SubjectLogonId":"0x0","LogonProcessName":"Kerberos","AuthenticationPackageName":"Kerberos","LogonGuid":"{8E7C7257-7437-9193-1D66-0868F5563E73}","TargetUserSid":"S-1-5-18","TargetLogonId":"0x2363e68","LogonType":"3","WorkstationName":"-","IpAddress":"192.168.56.12","SubjectUserSid":"S-1-0-0","IpPort":"51622","RestrictedAdminMode":"-","ProcessName":"-","TargetOutboundUserName":"-","ElevatedToken":"%%1842","VirtualAccount":"%%1843","ImpersonationLevel":"%%1833","TargetLinkedLogonId":"0x0","ProcessId":"0x0","TargetOutboundDomainName":"-","TargetUserName":"MEEREEN$","KeyLength":"0","TransmittedServices":"-"},"OpenWEC":{"IpAddress":"10.202.0.137","TimeReceived":"2023-12-07T09:15:53.583403173+00:00","Principal":"MEEREEN$@ESSOS.LOCAL","Subscription":{"Uuid":"F94543B5-5A27-42CB-9E00-E1160AA41AEC","Version":"20CB299E-52CA-4316-BC51-86AC76801D00","Name":"anssi-subscription"}}}
{"System":{"Provider":{"Name":"Microsoft-Windows-Security-Auditing","Guid":"{54849625-5478-4994-A5BA-3E3B0328C30D}"},"EventID":4624,"Version":2,"Level":0,"Task":12544,"Opcode":0,"Keywords":"0x8020000000000000","TimeCreated":"2023-12-07T09:15:47.839827700Z","EventRecordID":53572,"Correlation":{"ActivityID":"{338D0FE0-26D1-0001-2B10-8D33D126DA01}"},"Execution":{"ProcessID":620,"ThreadID":8380},"Channel":"Security","Computer":"meereen.essos.local"},"EventData":{"IpAddress":"fe80::71ea:2b1:64c2:cbc0","SubjectLogonId":"0x0","KeyLength":"0","TargetOutboundDomainName":"-","TargetLinkedLogonId":"0x0","TransmittedServices":"-","LogonType":"3","AuthenticationPackageName":"Kerberos","LogonGuid":"{8E7C7257-7437-9193-1D66-0868F5563E73}","LmPackageName":"-","SubjectUserSid":"S-1-0-0","SubjectUserName":"-","SubjectDomainName":"-","TargetLogonId":"0x2363f0b","LogonProcessName":"Kerberos","TargetDomainName":"ESSOS.LOCAL","TargetUserName":"MEEREEN$","WorkstationName":"-","ProcessName":"-","TargetOutboundUserName":"-","TargetUserSid":"S-1-5-18","IpPort":"51625","ImpersonationLevel":"%%1840","ElevatedToken":"%%1842","ProcessId":"0x0","VirtualAccount":"%%1843","RestrictedAdminMode":"-"},"OpenWEC":{"IpAddress":"10.202.0.137","TimeReceived":"2023-12-07T09:15:53.583403173+00:00","Principal":"MEEREEN$@ESSOS.LOCAL","Subscription":{"Uuid":"F94543B5-5A27-42CB-9E00-E1160AA41AEC","Version":"20CB299E-52CA-4316-BC51-86AC76801D00","Name":"anssi-subscription"}}}
{"System":{"Provider":{"Name":"Microsoft-Windows-Security-Auditing","Guid":"{54849625-5478-4994-A5BA-3E3B0328C30D}"},"EventID":4624,"Version":2,"Level":0,"Task":12544,"Opcode":0,"Keywords":"0x8020000000000000","TimeCreated":"2023-12-07T09:16:21.645767200Z","EventRecordID":53579,"Correlation":{},"Execution":{"ProcessID":620,"ThreadID":2720},"Channel":"Security","Computer":"meereen.essos.local"},"EventData":{"TransmittedServices":"-","TargetDomainName":"ESSOS.LOCAL","TargetLogonId":"0x2368eab","LmPackageName":"-","TargetOutboundUserName":"-","TargetLinkedLogonId":"0x0","LogonProcessName":"Kerberos","IpAddress":"::1","TargetUserName":"MEEREEN$","ImpersonationLevel":"%%1833","SubjectLogonId":"0x0","ProcessId":"0x0","KeyLength":"0","IpPort":"51644","RestrictedAdminMode":"-","ElevatedToken":"%%1842","LogonGuid":"{E2C1A26C-E36D-756D-B562-05D6AAFBC071}","ProcessName":"-","SubjectDomainName":"-","VirtualAccount":"%%1843","TargetOutboundDomainName":"-","LogonType":"3","AuthenticationPackageName":"Kerberos","SubjectUserSid":"S-1-0-0","TargetUserSid":"S-1-5-18","WorkstationName":"-","SubjectUserName":"-"},"OpenWEC":{"IpAddress":"10.202.0.137","TimeReceived":"2023-12-07T09:16:52.971637090+00:00","Principal":"MEEREEN$@ESSOS.LOCAL","Subscription":{"Uuid":"F94543B5-5A27-42CB-9E00-E1160AA41AEC","Version":"20CB299E-52CA-4316-BC51-86AC76801D00","Name":"anssi-subscription"}}}
{"System":{"Provider":{"Name":"Microsoft-Windows-Security-Auditing","Guid":"{54849625-5478-4994-A5BA-3E3B0328C30D}"},"EventID":4624,"Version":2,"Level":0,"Task":12544,"Opcode":0,"Keywords":"0x8020000000000000","TimeCreated":"2023-12-07T09:17:21.659828600Z","EventRecordID":53582,"Correlation":{},"Execution":{"ProcessID":620,"ThreadID":1820},"Channel":"Security","Computer":"meereen.essos.local"},"EventData":{"KeyLength":"0","VirtualAccount":"%%1843","IpPort":"51677","SubjectLogonId":"0x0","TargetUserName":"MEEREEN$","LogonType":"3","TargetLinkedLogonId":"0x0","SubjectDomainName":"-","ProcessName":"-","TargetLogonId":"0x2378e24","TargetUserSid":"S-1-5-18","LmPackageName":"-","SubjectUserName":"-","TargetDomainName":"ESSOS.LOCAL","ProcessId":"0x0","TargetOutboundUserName":"-","TargetOutboundDomainName":"-","ElevatedToken":"%%1842","TransmittedServices":"-","LogonProcessName":"Kerberos","ImpersonationLevel":"%%1833","LogonGuid":"{E2C1A26C-E36D-756D-B562-05D6AAFBC071}","AuthenticationPackageName":"Kerberos","IpAddress":"::1","WorkstationName":"-","RestrictedAdminMode":"-","SubjectUserSid":"S-1-0-0"},"OpenWEC":{"IpAddress":"10.202.0.137","TimeReceived":"2023-12-07T09:17:52.971373245+00:00","Principal":"MEEREEN$@ESSOS.LOCAL","Subscription":{"Uuid":"F94543B5-5A27-42CB-9E00-E1160AA41AEC","Version":"20CB299E-52CA-4316-BC51-86AC76801D00","Name":"anssi-subscription"}}}
{"System":{"Provider":{"Name":"Microsoft-Windows-Security-Auditing","Guid":"{54849625-5478-4994-A5BA-3E3B0328C30D}"},"EventID":4624,"Version":2,"Level":0,"Task":12544,"Opcode":0,"Keywords":"0x8020000000000000","TimeCreated":"2023-12-07T09:18:21.674304600Z","EventRecordID":53585,"Correlation":{},"Execution":{"ProcessID":620,"ThreadID":1820},"Channel":"Security","Computer":"meereen.essos.local"},"EventData":{"SubjectUserName":"-","TargetLinkedLogonId":"0x0","WorkstationName":"-","IpPort":"51703","TargetDomainName":"ESSOS.LOCAL","SubjectLogonId":"0x0","TargetUserSid":"S-1-5-18","AuthenticationPackageName":"Kerberos","LogonGuid":"{E2C1A26C-E36D-756D-B562-05D6AAFBC071}","KeyLength":"0","TargetUserName":"MEEREEN$","LogonType":"3","IpAddress":"::1","RestrictedAdminMode":"-","TargetOutboundDomainName":"-","ImpersonationLevel":"%%1833","ElevatedToken":"%%1842","LogonProcessName":"Kerberos","LmPackageName":"-","SubjectUserSid":"S-1-0-0","SubjectDomainName":"-","TransmittedServices":"-","TargetLogonId":"0x238213d","ProcessId":"0x0","TargetOutboundUserName":"-","VirtualAccount":"%%1843","ProcessName":"-"},"OpenWEC":{"IpAddress":"10.202.0.137","TimeReceived":"2023-12-07T09:18:53.004070803+00:00","Principal":"MEEREEN$@ESSOS.LOCAL","Subscription":{"Uuid":"F94543B5-5A27-42CB-9E00-E1160AA41AEC","Version":"20CB299E-52CA-4316-BC51-86AC76801D00","Name":"anssi-subscription"}}}
{"System":{"Provider":{"Name":"Microsoft-Windows-Security-Auditing","Guid":"{54849625-5478-4994-A5BA-3E3B0328C30D}"},"EventID":4624,"Version":2,"Level":0,"Task":12544,"Opcode":0,"Keywords":"0x8020000000000000","TimeCreated":"2023-12-07T09:18:46.033976300Z","EventRecordID":53588,"Correlation":{},"Execution":{"ProcessID":620,"ThreadID":1820},"Channel":"Security","Computer":"meereen.essos.local"},"EventData":{"TargetUserSid":"S-1-5-18","IpPort":"51715","ElevatedToken":"%%1842","TransmittedServices":"-","ProcessName":"-","ImpersonationLevel":"%%1833","LogonProcessName":"Kerberos","LmPackageName":"-","TargetUserName":"MEEREEN$","SubjectLogonId":"0x0","LogonType":"3","RestrictedAdminMode":"-","IpAddress":"fe80::71ea:2b1:64c2:cbc0","TargetOutboundUserName":"-","SubjectUserSid":"S-1-0-0","SubjectDomainName":"-","WorkstationName":"-","SubjectUserName":"-","AuthenticationPackageName":"Kerberos","TargetLogonId":"0x23865cd","KeyLength":"0","TargetOutboundDomainName":"-","TargetLinkedLogonId":"0x0","ProcessId":"0x0","VirtualAccount":"%%1843","TargetDomainName":"ESSOS.LOCAL","LogonGuid":"{E2C1A26C-E36D-756D-B562-05D6AAFBC071}"},"OpenWEC":{"IpAddress":"10.202.0.137","TimeReceived":"2023-12-07T09:18:53.004070803+00:00","Principal":"MEEREEN$@ESSOS.LOCAL","Subscription":{"Uuid":"F94543B5-5A27-42CB-9E00-E1160AA41AEC","Version":"20CB299E-52CA-4316-BC51-86AC76801D00","Name":"anssi-subscription"}}}
{"System":{"Provider":{"Name":"Microsoft-Windows-Security-Auditing","Guid":"{54849625-5478-4994-A5BA-3E3B0328C30D}"},"EventID":4624,"Version":2,"Level":0,"Task":12544,"Opcode":0,"Keywords":"0x8020000000000000","TimeCreated":"2023-12-07T09:18:46.039708300Z","EventRecordID":53591,"Correlation":{},"Execution":{"ProcessID":620,"ThreadID":1820},"Channel":"Security","Computer":"meereen.essos.local"},"EventData":{"IpPort":"51716","LogonProcessName":"Kerberos","TargetLogonId":"0x238663f","TargetOutboundDomainName":"-","SubjectDomainName":"-","ElevatedToken":"%%1842","TargetUserName":"MEEREEN$","WorkstationName":"-","TargetUserSid":"S-1-5-18","AuthenticationPackageName":"Kerberos","IpAddress":"fe80::71ea:2b1:64c2:cbc0","TransmittedServices":"-","SubjectUserSid":"S-1-0-0","SubjectUserName":"-","ProcessId":"0x0","ImpersonationLevel":"%%1833","TargetOutboundUserName":"-","TargetLinkedLogonId":"0x0","VirtualAccount":"%%1843","TargetDomainName":"ESSOS.LOCAL","SubjectLogonId":"0x0","KeyLength":"0","ProcessName":"-","RestrictedAdminMode":"-","LogonGuid":"{E2C1A26C-E36D-756D-B562-05D6AAFBC071}","LogonType":"3","LmPackageName":"-"},"OpenWEC":{"IpAddress":"10.202.0.137","TimeReceived":"2023-12-07T09:18:53.004070803+00:00","Principal":"MEEREEN$@ESSOS.LOCAL","Subscription":{"Uuid":"F94543B5-5A27-42CB-9E00-E1160AA41AEC","Version":"20CB299E-52CA-4316-BC51-86AC76801D00","Name":"anssi-subscription"}}}
{"System":{"Provider":{"Name":"Microsoft-Windows-Security-Auditing","Guid":"{54849625-5478-4994-A5BA-3E3B0328C30D}"},"EventID":4624,"Version":2,"Level":0,"Task":12544,"Opcode":0,"Keywords":"0x8020000000000000","TimeCreated":"2023-12-07T09:19:21.688051700Z","EventRecordID":53594,"Correlation":{},"Execution":{"ProcessID":620,"ThreadID":1820},"Channel":"Security","Computer":"meereen.essos.local"},"EventData":{"TargetUserSid":"S-1-5-18","ProcessName":"-","TargetOutboundUserName":"-","WorkstationName":"-","TransmittedServices":"-","SubjectLogonId":"0x0","LogonType":"3","VirtualAccount":"%%1843","TargetLinkedLogonId":"0x0","LmPackageName":"-","ElevatedToken":"%%1842","SubjectUserSid":"S-1-0-0","TargetUserName":"MEEREEN$","LogonGuid":"{E2C1A26C-E36D-756D-B562-05D6AAFBC071}","SubjectDomainName":"-","TargetOutboundDomainName":"-","TargetDomainName":"ESSOS.LOCAL","TargetLogonId":"0x238b3e2","SubjectUserName":"-","ProcessId":"0x0","RestrictedAdminMode":"-","IpAddress":"::1","KeyLength":"0","ImpersonationLevel":"%%1833","IpPort":"51732","LogonProcessName":"Kerberos","AuthenticationPackageName":"Kerberos"},"OpenWEC":{"IpAddress":"10.202.0.137","TimeReceived":"2023-12-07T09:19:53.329840321+00:00","Principal":"MEEREEN$@ESSOS.LOCAL","Subscription":{"Uuid":"F94543B5-5A27-42CB-9E00-E1160AA41AEC","Version":"20CB299E-52CA-4316-BC51-86AC76801D00","Name":"anssi-subscription"}}}
{"System":{"Provider":{"Name":"Microsoft-Windows-Security-Auditing","Guid":"{54849625-5478-4994-A5BA-3E3B0328C30D}"},"EventID":4624,"Version":2,"Level":0,"Task":12544,"Opcode":0,"Keywords":"0x8020000000000000","TimeCreated":"2023-12-07T09:19:36.034199000Z","EventRecordID":53597,"Correlation":{},"Execution":{"ProcessID":620,"ThreadID":4048},"Channel":"Security","Computer":"meereen.essos.local"},"EventData":{"SubjectUserName":"-","TargetUserSid":"S-1-5-18","TargetDomainName":"ESSOS.LOCAL","ImpersonationLevel":"%%1833","ElevatedToken":"%%1842","RestrictedAdminMode":"-","SubjectLogonId":"0x0","TargetLogonId":"0x238dfe8","LogonGuid":"{26FFF56B-3659-571E-7DB1-EBE6503E7F24}","LogonType":"3","TargetOutboundDomainName":"-","ProcessName":"-","IpAddress":"fe80::71ea:2b1:64c2:cbc0","AuthenticationPackageName":"Kerberos","TargetLinkedLogonId":"0x0","KeyLength":"0","TransmittedServices":"-","WorkstationName":"-","TargetOutboundUserName":"-","TargetUserName":"MEEREEN$","SubjectUserSid":"S-1-0-0","SubjectDomainName":"-","ProcessId":"0x0","VirtualAccount":"%%1843","LmPackageName":"-","LogonProcessName":"Kerberos","IpPort":"51741"},"OpenWEC":{"IpAddress":"10.202.0.137","TimeReceived":"2023-12-07T09:19:53.329840321+00:00","Principal":"MEEREEN$@ESSOS.LOCAL","Subscription":{"Uuid":"F94543B5-5A27-42CB-9E00-E1160AA41AEC","Version":"20CB299E-52CA-4316-BC51-86AC76801D00","Name":"anssi-subscription"}}}
{"System":{"Provider":{"Name":"Microsoft-Windows-Security-Auditing","Guid":"{54849625-5478-4994-A5BA-3E3B0328C30D}"},"EventID":4624,"Version":2,"Level":0,"Task":12544,"Opcode":0,"Keywords":"0x8020000000000000","TimeCreated":"2023-12-07T09:20:21.701685000Z","EventRecordID":53599,"Correlation":{},"Execution":{"ProcessID":620,"ThreadID":2720},"Channel":"Security","Computer":"meereen.essos.local"},"EventData":{"SubjectDomainName":"-","TransmittedServices":"-","ElevatedToken":"%%1842","KeyLength":"0","ProcessName":"-","SubjectUserSid":"S-1-0-0","TargetUserSid":"S-1-5-18","SubjectUserName":"-","TargetDomainName":"ESSOS.LOCAL","SubjectLogonId":"0x0","TargetLogonId":"0x23935a7","IpAddress":"::1","ImpersonationLevel":"%%1833","RestrictedAdminMode":"-","TargetOutboundUserName":"-","VirtualAccount":"%%1843","TargetLinkedLogonId":"0x0","TargetUserName":"MEEREEN$","AuthenticationPackageName":"Kerberos","LogonGuid":"{E2C1A26C-E36D-756D-B562-05D6AAFBC071}","WorkstationName":"-","LogonType":"3","LmPackageName":"-","ProcessId":"0x0","IpPort":"51765","TargetOutboundDomainName":"-","LogonProcessName":"Kerberos"},"OpenWEC":{"IpAddress":"10.202.0.137","TimeReceived":"2023-12-07T09:20:53.015353828+00:00","Principal":"MEEREEN$@ESSOS.LOCAL","Subscription":{"Uuid":"F94543B5-5A27-42CB-9E00-E1160AA41AEC","Version":"20CB299E-52CA-4316-BC51-86AC76801D00","Name":"anssi-subscription"}}}
{"System":{"Provider":{"Name":"Microsoft-Windows-Security-Auditing","Guid":"{54849625-5478-4994-A5BA-3E3B0328C30D}"},"EventID":4624,"Version":2,"Level":0,"Task":12544,"Opcode":0,"Keywords":"0x8020000000000000","TimeCreated":"2023-12-07T09:20:47.876742400Z","EventRecordID":53602,"Correlation":{},"Execution":{"ProcessID":620,"ThreadID":1820},"Channel":"Security","Computer":"meereen.essos.local"},"EventData":{"IpAddress":"fe80::71ea:2b1:64c2:cbc0","RestrictedAdminMode":"-","KeyLength":"0","SubjectUserSid":"S-1-0-0","LmPackageName":"-","IpPort":"51773","TargetOutboundUserName":"-","TargetLogonId":"0x239841a","TargetOutboundDomainName":"-","VirtualAccount":"%%1843","ElevatedToken":"%%1842","TargetUserSid":"S-1-5-18","SubjectDomainName":"-","SubjectLogonId":"0x0","TargetDomainName":"ESSOS.LOCAL","WorkstationName":"-","SubjectUserName":"-","LogonProcessName":"Kerberos","AuthenticationPackageName":"Kerberos","ImpersonationLevel":"%%1833","ProcessId":"0x0","ProcessName":"-","TargetLinkedLogonId":"0x0","TransmittedServices":"-","TargetUserName":"MEEREEN$","LogonType":"3","LogonGuid":"{8E7C7257-7437-9193-1D66-0868F5563E73}"},"OpenWEC":{"IpAddress":"10.202.0.137","TimeReceived":"2023-12-07T09:20:53.015353828+00:00","Principal":"MEEREEN$@ESSOS.LOCAL","Subscription":{"Uuid":"F94543B5-5A27-42CB-9E00-E1160AA41AEC","Version":"20CB299E-52CA-4316-BC51-86AC76801D00","Name":"anssi-subscription"}}}
{"System":{"Provider":{"Name":"Microsoft-Windows-Security-Auditing","Guid":"{54849625-5478-4994-A5BA-3E3B0328C30D}"},"EventID":4624,"Version":2,"Level":0,"Task":12544,"Opcode":0,"Keywords":"0x8020000000000000","TimeCreated":"2023-12-07T09:20:47.887029100Z","EventRecordID":53604,"Correlation":{"ActivityID":"{338D0FE0-26D1-0001-2B10-8D33D126DA01}"},"Execution":{"ProcessID":620,"ThreadID":4288},"Channel":"Security","Computer":"meereen.essos.local"},"EventData":{"SubjectUserName":"-","IpPort":"0","SubjectDomainName":"-","SubjectUserSid":"S-1-0-0","SubjectLogonId":"0x0","TargetUserName":"MEEREEN$","TargetLogonId":"0x2398533","AuthenticationPackageName":"Kerberos","KeyLength":"0","TransmittedServices":"-","ProcessName":"-","ImpersonationLevel":"%%1833","TargetOutboundUserName":"-","TargetOutboundDomainName":"-","VirtualAccount":"%%1843","ElevatedToken":"%%1842","LogonProcessName":"Kerberos","ProcessId":"0x0","TargetUserSid":"S-1-5-18","RestrictedAdminMode":"-","LmPackageName":"-","TargetLinkedLogonId":"0x0","LogonType":"3","LogonGuid":"{77432E8F-8464-F995-2F77-7893056EDE81}","TargetDomainName":"ESSOS.LOCAL","IpAddress":"::1","WorkstationName":"-"},"OpenWEC":{"IpAddress":"10.202.0.137","TimeReceived":"2023-12-07T09:20:53.015353828+00:00","Principal":"MEEREEN$@ESSOS.LOCAL","Subscription":{"Uuid":"F94543B5-5A27-42CB-9E00-E1160AA41AEC","Version":"20CB299E-52CA-4316-BC51-86AC76801D00","Name":"anssi-subscription"}}}
{"System":{"Provider":{"Name":"Microsoft-Windows-Security-Auditing","Guid":"{54849625-5478-4994-A5BA-3E3B0328C30D}"},"EventID":4624,"Version":2,"Level":0,"Task":12544,"Opcode":0,"Keywords":"0x8020000000000000","TimeCreated":"2023-12-07T09:20:47.888854500Z","EventRecordID":53606,"Correlation":{},"Execution":{"ProcessID":620,"ThreadID":2720},"Channel":"Security","Computer":"meereen.essos.local"},"EventData":{"KeyLength":"0","IpPort":"51774","SubjectLogonId":"0x0","LmPackageName":"-","TargetLinkedLogonId":"0x0","TargetDomainName":"ESSOS.LOCAL","LogonProcessName":"Kerberos","LogonType":"3","IpAddress":"192.168.56.12","ImpersonationLevel":"%%1833","TargetOutboundUserName":"-","VirtualAccount":"%%1843","ProcessName":"-","TargetUserSid":"S-1-5-18","TransmittedServices":"-","TargetOutboundDomainName":"-","SubjectUserName":"-","ElevatedToken":"%%1842","TargetUserName":"MEEREEN$","ProcessId":"0x0","SubjectDomainName":"-","WorkstationName":"-","LogonGuid":"{8E7C7257-7437-9193-1D66-0868F5563E73}","RestrictedAdminMode":"-","SubjectUserSid":"S-1-0-0","AuthenticationPackageName":"Kerberos","TargetLogonId":"0x2398584"},"OpenWEC":{"IpAddress":"10.202.0.137","TimeReceived":"2023-12-07T09:20:53.015353828+00:00","Principal":"MEEREEN$@ESSOS.LOCAL","Subscription":{"Uuid":"F94543B5-5A27-42CB-9E00-E1160AA41AEC","Version":"20CB299E-52CA-4316-BC51-86AC76801D00","Name":"anssi-subscription"}}}
