{"System":{"Provider":{"Name":"Microsoft-Windows-Security-Auditing","Guid":"{54849625-5478-4994-A5BA-3E3B0328C30D}"},"EventID":4624,"Version":2,"Level":0,"Task":12544,"Opcode":0,"Keywords":"0x8020000000000000","TimeCreated":"2023-12-07T09:03:44.374261300Z","EventRecordID":53421,"Correlation":{},"Execution":{"ProcessID":620,"ThreadID":1820},"Channel":"Security","Computer":"meereen.essos.local"},"EventData":{"ProcessId":"0x0","TargetDomainName":"ESSOS.LOCAL","TargetLogonId":"0x22a5706","TargetUserName":"MEEREEN$","SubjectUserName":"-","LogonGuid":"{E2C1A26C-E36D-756D-B562-05D6AAFBC071}","AuthenticationPackageName":"Kerberos","WorkstationName":"-","LogonType":"3","LmPackageName":"-","KeyLength":"0","LogonProcessName":"Kerberos","ProcessName":"-","SubjectLogonId":"0x0","TargetUserSid":"S-1-5-18","SubjectUserSid":"S-1-0-0","IpAddress":"fe80::71ea:2b1:64c2:cbc0","IpPort":"64127","ImpersonationLevel":"%%1833","SubjectDomainName":"-","VirtualAccount":"%%1843","ElevatedToken":"%%1842","TransmittedServices":"-","TargetOutboundUserName":"-","RestrictedAdminMode":"-","TargetOutboundDomainName":"-","TargetLinkedLogonId":"0x0"},"OpenWEC":{"IpAddress":"10.202.0.137","TimeReceived":"2023-12-07T09:05:16.025828049+00:00","Principal":"MEEREEN$@ESSOS.LOCAL","Subscription":{"Uuid":"F94543B5-5A27-42CB-9E00-E1160AA41AEC","Version":"20CB299E-52CA-4316-BC51-86AC76801D00","Name":"anssi-subscription"}}}
{"System":{"Provider":{"Name":"Microsoft-Windows-Security-Auditing","Guid":"{54849625-5478-4994-A5BA-3E3B0328C30D}"},"EventID":4624,"Version":2,"Level":0,"Task":12544,"Opcode":0,"Keywords":"0x8020000000000000","TimeCreated":"2023-12-07T09:03:44.380088400Z","EventRecordID":53424,"Correlation":{},"Execution":{"ProcessID":620,"ThreadID":2720},"Channel":"Security","Computer":"meereen.essos.local"},"EventData":{"KeyLength":"0","SubjectUserName":"-","LogonType":"3","ProcessId":"0x0","ProcessName":"-","IpAddress":"fe80::71ea:2b1:64c2:cbc0","AuthenticationPackageName":"Kerberos","WorkstationName":"-","ImpersonationLevel":"%%1833","ElevatedToken":"%%1842","TransmittedServices":"-","TargetUserSid":"S-1-5-18","TargetOutboundUserName":"-","LogonProcessName":"Kerberos","SubjectLogonId":"0x0","TargetLogonId":"0x22a577b","TargetUserName":"MEEREEN$","LogonGuid":"{E2C1A26C-E36D-756D-B562-05D6AAFBC071}","LmPackageName":"-","VirtualAccount":"%%1843","TargetLinkedLogonId":"0x0","TargetDomainName":"ESSOS.LOCAL","RestrictedAdminMode":"-","SubjectDomainName":"-","SubjectUserSid":"S-1-0-0","IpPort":"64128","TargetOutboundDomainName":"-"},"OpenWEC":{"IpAddress":"10.202.0.137","TimeReceived":"2023-12-07T09:05:16.025828049+00:00","Principal":"MEEREEN$@ESSOS.LOCAL","Subscription":{"Uuid":"F94543B5-5A27-42CB-9E00-E1160AA41AEC","Version":"20CB299E-52CA-4316-BC51-86AC76801D00","Name":"anssi-subscription"}}}
{"System":{"Provider":{"Name":"Microsoft-Windows-Security-Auditing","Guid":"{54849625-5478-4994-A5BA-3E3B0328C30D}"},"EventID":4624,"Version":2,"Level":0,"Task":12544,"Opcode":0,"Keywords":"0x8020000000000000","TimeCreated":"2023-12-07T09:04:12.199021700Z","EventRecordID":53428,"Correlation":{},"Execution":{"ProcessID":620,"ThreadID":4100},"Channel":"Security","Computer":"meereen.essos.local"},"EventData":{"AuthenticationPackageName":"Kerberos","TargetOutboundDomainName":"-","ProcessId":"0x0","IpAddress":"fe80::71ea:2b1:64c2:cbc0","LmPackageName":"-","SubjectDomainName":"-","TransmittedServices":"-","LogonProcessName":"Kerberos","IpPort":"64143","TargetUserSid":"S-1-5-18","WorkstationName":"-","VirtualAccount":"%%1843","TargetLogonId":"0x22ba510","TargetDomainName":"ESSOS.LOCAL","KeyLength":"0","TargetLinkedLogonId":"0x0","SubjectUserSid":"S-1-0-0","SubjectUserName":"-","LogonType":"3","ProcessName":"-","TargetOutboundUserName":"-","ImpersonationLevel":"%%1833","TargetUserName":"MEEREEN$","RestrictedAdminMode":"-","ElevatedToken":"%%1842","SubjectLogonId":"0x0","LogonGuid":"{26FFF56B-3659-571E-7DB1-EBE6503E7F24}"},"OpenWEC":{"IpAddress":"10.202.0.137","TimeReceived":"2023-12-07T09:05:16.025828049+00:00","Principal":"MEEREEN$@ESSOS.LOCAL","Subscription":{"Uuid":"F94543B5-5A27-42CB-9E00-E1160AA41AEC","Version":"20CB299E-52CA-4316-BC51-86AC76801D00","Name":"anssi-subscription"}}}
{"System":{"Provider":{"Name":"Microsoft-Windows-Security-Auditing","Guid":"{54849625-5478-4994-A5BA-3E3B0328C30D}"},"EventID":4624,"Version":2,"Level":0,"Task":12544,"Opcode":0,"Keywords":"0x8020000000000000","TimeCreated":"2023-12-07T09:04:13.001880700Z","EventRecordID":53430,"Correlation":{},"Execution":{"ProcessID":620,"ThreadID":4048},"Channel":"Security","Computer":"meereen.essos.local"},"EventData":{"SubjectDomainName":"-","TargetLogonId":"0x22bc302","TargetOutboundDomainName":"-","ElevatedToken":"%%1842","ProcessName":"-","TargetLinkedLogonId":"0x0","AuthenticationPackageName":"Kerberos","SubjectUserName":"-","LogonProcessName":"Kerberos","KeyLength":"0","RestrictedAdminMode":"-","VirtualAccount":"%%1843","SubjectUserSid":"S-1-0-0","TargetUserName":"MEEREEN$","LogonGuid":"{E2C1A26C-E36D-756D-B562-05D6AAFBC071}","WorkstationName":"-","LmPackageName":"-","ProcessId":"0x0","IpPort":"64145","IpAddress":"fe80::71ea:2b1:64c2:cbc0","ImpersonationLevel":"%%1833","TransmittedServices":"-","TargetUserSid":"S-1-5-18","TargetDomainName":"ESSOS.LOCAL","TargetOutboundUserName":"-","SubjectLogonId":"0x0","LogonType":"3"},"OpenWEC":{"IpAddress":"10.202.0.137","TimeReceived":"2023-12-07T09:05:16.025828049+00:00","Principal":"MEEREEN$@ESSOS.LOCAL","Subscription":{"Uuid":"F94543B5-5A27-42CB-9E00-E1160AA41AEC","Version":"20CB299E-52CA-4316-BC51-86AC76801D00","Name":"anssi-subscription"}}}
{"System":{"Provider":{"Name":"Microsoft-Windows-Security-Auditing","Guid":"{54849625-5478-4994-A5BA-3E3B0328C30D}"},"EventID":4672,"Version":0,"Level":0,"Task":12548,"Opcode":0,"Keywords":"0x8020000000000000","TimeCreated":"2023-12-07T09:04:15.240869300Z","EventRecordID":53433,"Correlation":{"ActivityID":"{338D0FE0-26D1-0001-2B10-8D33D126DA01}"},"Execution":{"ProcessID":620,"ThreadID":4100},"Channel":"Security","Computer":"meereen.essos.local"},"EventData":{"PrivilegeList":"SeAuditPrivilege\n\t\t\tSeImpersonatePrivilege\n\t\t\tSeAssignPrimaryTokenPrivilege","SubjectDomainName":"ESSOS","SubjectUserName":"MEEREEN$","SubjectLogonId":"0x22be1cb","SubjectUserSid":"S-1-5-21-2479543311-1709999589-3761869525-1001"},"OpenWEC":{"IpAddress":"10.202.0.137","TimeReceived":"2023-12-07T09:05:16.732444132+00:00","Principal":"MEEREEN$@ESSOS.LOCAL","Subscription":{"Uuid":"F94543B5-5A27-42CB-9E00-E1160AA41AEC","Version":"20CB299E-52CA-4316-BC51-86AC76801D00","Name":"anssi-subscription"}}}
{"System":{"Provider":{"Name":"Microsoft-Windows-Security-Auditing","Guid":"{54849625-5478-4994-A5BA-3E3B0328C30D}"},"EventID":4624,"Version":2,"Level":0,"Task":12544,"Opcode":0,"Keywords":"0x8020000000000000","TimeCreated":"2023-12-07T09:04:15.240955500Z","EventRecordID":53434,"Correlation":{"ActivityID":"{338D0FE0-26D1-0001-2B10-8D33D126DA01}"},"Execution":{"ProcessID":620,"ThreadID":4100},"Channel":"Security","Computer":"meereen.essos.local"},"EventData":{"TargetLogonId":"0x22be1cb","LmPackageName":"-","IpPort":"-","ImpersonationLevel":"%%1840","TargetLinkedLogonId":"0x0","TargetDomainName":"ESSOS.LOCAL","ProcessId":"0x0","IpAddress":"-","SubjectDomainName":"-","LogonGuid":"{67DB7D86-2D97-2EF3-9027-95A00864390D}","AuthenticationPackageName":"Kerberos","SubjectUserSid":"S-1-0-0","SubjectUserName":"-","LogonProcessName":"Kerberos","WorkstationName":"-","ProcessName":"-","SubjectLogonId":"0x0","KeyLength":"0","TargetOutboundUserName":"-","TargetUserName":"MEEREEN$","TargetOutboundDomainName":"-","LogonType":"3","VirtualAccount":"%%1843","RestrictedAdminMode":"-","TargetUserSid":"S-1-5-21-2479543311-1709999589-3761869525-1001","ElevatedToken":"%%1842","TransmittedServices":"-"},"OpenWEC":{"IpAddress":"10.202.0.137","TimeReceived":"2023-12-07T09:05:16.732444132+00:00","Principal":"MEEREEN$@ESSOS.LOCAL","Subscription":{"Uuid":"F94543B5-5A27-42CB-9E00-E1160AA41AEC","Version":"20CB299E-52CA-4316-BC51-86AC76801D00","Name":"anssi-subscription"}}}
{"System":{"Provider":{"Name":"Microsoft-Windows-WinRM","Guid":"{A7975C8F-AC13-49F1-87DA-5A984A4AB417}"},"EventID":163,"Version":0,"Level":2,"Task":7,"Opcode":0,"Keywords":"0x400000000000000a","TimeCreated":"2023-12-07T09:04:15.389269800Z","EventRecordID":6096,"Correlation":{"ActivityID":"{338D0FE0-26D1-0000-052B-8E33D126DA01}"},"Execution":{"ProcessID":1096,"ThreadID":1680},"Channel":"Microsoft-Windows-WinRM/Operational","Computer":"meereen.essos.local","UserID":"S-1-5-20"},"EventData":{"authClient":"Kerberos","authServer3":" ","authServer4":" ","authServer1":" ","authServer2":" ","authServer5":" "},"OpenWEC":{"IpAddress":"10.202.0.137","TimeReceived":"2023-12-07T09:05:16.732444132+00:00","Principal":"MEEREEN$@ESSOS.LOCAL","Subscription":{"Uuid":"F94543B5-5A27-42CB-9E00-E1160AA41AEC","Version":"20CB299E-52CA-4316-BC51-86AC76801D00","Name":"anssi-subscription"}}}
{"System":{"Provider":{"Name":"Microsoft-Windows-Security-Auditing","Guid":"{54849625-5478-4994-A5BA-3E3B0328C30D}"},"EventID":4624,"Version":2,"Level":0,"Task":12544,"Opcode":0,"Keywords":"0x8020000000000000","TimeCreated":"2023-12-07T09:04:21.482889400Z","EventRecordID":53436,"Correlation":{},"Execution":{"ProcessID":620,"ThreadID":1820},"Channel":"Security","Computer":"meereen.essos.local"},"EventData":{"TransmittedServices":"-","SubjectUserName":"-","AuthenticationPackageName":"Kerberos","ElevatedToken":"%%1842","IpPort":"55947","ProcessName":"-","IpAddress":"::1","SubjectUserSid":"S-1-0-0","SubjectLogonId":"0x0","SubjectDomainName":"-","KeyLength":"0","ImpersonationLevel":"%%1833","TargetLinkedLogonId":"0x0","LogonProcessName":"Kerberos","TargetUserName":"MEEREEN$","RestrictedAdminMode":"-","TargetUserSid":"S-1-5-18","LmPackageName":"-","ProcessId":"0x0","TargetOutboundUserName":"-","WorkstationName":"-","LogonGuid":"{E2C1A26C-E36D-756D-B562-05D6AAFBC071}","TargetLogonId":"0x22bfe48","LogonType":"3","TargetOutboundDomainName":"-","TargetDomainName":"ESSOS.LOCAL","VirtualAccount":"%%1843"},"OpenWEC":{"IpAddress":"10.202.0.137","TimeReceived":"2023-12-07T09:05:16.732444132+00:00","Principal":"MEEREEN$@ESSOS.LOCAL","Subscription":{"Uuid":"F94543B5-5A27-42CB-9E00-E1160AA41AEC","Version":"20CB299E-52CA-4316-BC51-86AC76801D00","Name":"anssi-subscription"}}}
{"System":{"Provider":{"Name":"Microsoft-Windows-Security-Auditing","Guid":"{54849625-5478-4994-A5BA-3E3B0328C30D}"},"EventID":4624,"Version":2,"Level":0,"Task":12544,"Opcode":0,"Keywords":"0x8020000000000000","TimeCreated":"2023-12-07T09:04:32.088744300Z","EventRecordID":53440,"Correlation":{"ActivityID":"{338D0FE0-26D1-0001-2B10-8D33D126DA01}"},"Execution":{"ProcessID":620,"ThreadID":4048},"Channel":"Security","Computer":"meereen.essos.local"},"EventData":{"LogonType":"3","TargetUserName":"MEEREEN$","SubjectLogonId":"0x0","WorkstationName":"-","ProcessName":"-","TargetOutboundUserName":"-","ElevatedToken":"%%1842","IpAddress":"-","RestrictedAdminMode":"-","TargetLogonId":"0x22c3dff","IpPort":"-","SubjectUserName":"-","ProcessId":"0x0","TargetUserSid":"S-1-5-18","ImpersonationLevel":"%%1840","AuthenticationPackageName":"Kerberos","SubjectUserSid":"S-1-0-0","SubjectDomainName":"-","LogonProcessName":"Kerberos","LogonGuid":"{162D2944-0E0F-C180-47D1-1D90D7D51661}","TargetDomainName":"ESSOS.LOCAL","TransmittedServices":"-","LmPackageName":"-","KeyLength":"0","VirtualAccount":"%%1843","TargetLinkedLogonId":"0x0","TargetOutboundDomainName":"-"},"OpenWEC":{"IpAddress":"10.202.0.137","TimeReceived":"2023-12-07T09:05:16.732444132+00:00","Principal":"MEEREEN$@ESSOS.LOCAL","Subscription":{"Uuid":"F94543B5-5A27-42CB-9E00-E1160AA41AEC","Version":"20CB299E-52CA-4316-BC51-86AC76801D00","Name":"anssi-subscription"}}}
{"System":{"Provider":{"Name":"Microsoft-Windows-Security-Auditing","Guid":"{54849625-5478-4994-A5BA-3E3B0328C30D}"},"EventID":4624,"Version":2,"Level":0,"Task":12544,"Opcode":0,"Keywords":"0x8020000000000000","TimeCreated":"2023-12-07T09:04:32.099551800Z","EventRecordID":53442,"Correlation":{"ActivityID":"{338D0FE0-26D1-0001-2B10-8D33D126DA01}"},"Execution":{"ProcessID":620,"ThreadID":4048},"Channel":"Security","Computer":"meereen.essos.local"},"EventData":{"TargetDomainName":"ESSOS.LOCAL","LmPackageName":"-","TargetOutboundUserName":"-","TransmittedServices":"-","LogonProcessName":"Kerberos","TargetUserName":"MEEREEN$","RestrictedAdminMode":"-","WorkstationName":"-","ProcessId":"0x0","SubjectUserSid":"S-1-0-0","ElevatedToken":"%%1842","TargetLogonId":"0x22c3fb8","ImpersonationLevel":"%%1840","TargetOutboundDomainName":"-","KeyLength":"0","ProcessName":"-","TargetLinkedLogonId":"0x0","IpAddress":"-","VirtualAccount":"%%1843","SubjectUserName":"-","LogonType":"3","AuthenticationPackageName":"Kerberos","SubjectLogonId":"0x0","TargetUserSid":"S-1-5-18","LogonGuid":"{162D2944-0E0F-C180-47D1-1D90D7D51661}","SubjectDomainName":"-","IpPort":"-"},"OpenWEC":{"IpAddress":"10.202.0.137","TimeReceived":"2023-12-07T09:05:16.732444132+00:00","Principal":"MEEREEN$@ESSOS.LOCAL","Subscription":{"Uuid":"F94543B5-5A27-42CB-9E00-E1160AA41AEC","Version":"20CB299E-52CA-4316-BC51-86AC76801D00","Name":"anssi-subscription"}}}
{"System":{"Provider":{"Name":"Microsoft-Windows-Security-Auditing","Guid":"{54849625-5478-4994-A5BA-3E3B0328C30D}"},"EventID":4624,"Version":2,"Level":0,"Task":12544,"Opcode":0,"Keywords":"0x8020000000000000","TimeCreated":"2023-12-07T09:04:32.105060300Z","EventRecordID":53444,"Correlation":{"ActivityID":"{338D0FE0-26D1-0001-2B10-8D33D126DA01}"},"Execution":{"ProcessID":620,"ThreadID":4100},"Channel":"Security","Computer":"meereen.essos.local"},"EventData":{"TargetUserSid":"S-1-5-18","IpAddress":"-","SubjectUserName":"-","TargetLogonId":"0x22c4039","IpPort":"-","TargetOutboundUserName":"-","TargetOutboundDomainName":"-","VirtualAccount":"%%1843","ElevatedToken":"%%1842","KeyLength":"0","AuthenticationPackageName":"Kerberos","ProcessName":"-","WorkstationName":"-","LmPackageName":"-","ImpersonationLevel":"%%1840","SubjectLogonId":"0x0","LogonGuid":"{162D2944-0E0F-C180-47D1-1D90D7D51661}","RestrictedAdminMode":"-","TargetLinkedLogonId":"0x0","TargetDomainName":"ESSOS.LOCAL","LogonProcessName":"Kerberos","SubjectDomainName":"-","SubjectUserSid":"S-1-0-0","TargetUserName":"MEEREEN$","LogonType":"3","TransmittedServices":"-","ProcessId":"0x0"},"OpenWEC":{"IpAddress":"10.202.0.137","TimeReceived":"2023-12-07T09:05:16.732444132+00:00","Principal":"MEEREEN$@ESSOS.LOCAL","Subscription":{"Uuid":"F94543B5-5A27-42CB-9E00-E1160AA41AEC","Version":"20CB299E-52CA-4316-BC51-86AC76801D00","Name":"anssi-subscription"}}}
{"System":{"Provider":{"Name":"Microsoft-Windows-Security-Auditing","Guid":"{54849625-5478-4994-A5BA-3E3B0328C30D}"},"EventID":4624,"Version":2,"Level":0,"Task":12544,"Opcode":0,"Keywords":"0x8020000000000000","TimeCreated":"2023-12-07T09:04:32.111220700Z","EventRecordID":53446,"Correlation":{"ActivityID":"{338D0FE0-26D1-0001-2B10-8D33D126DA01}"},"Execution":{"ProcessID":620,"ThreadID":4100},"Channel":"Security","Computer":"meereen.essos.local"},"EventData":{"ProcessId":"0x0","RestrictedAdminMode":"-","VirtualAccount":"%%1843","ElevatedToken":"%%1842","TargetUserName":"MEEREEN$","ProcessName":"-","TargetLinkedLogonId":"0x0","LmPackageName":"-","LogonGuid":"{162D2944-0E0F-C180-47D1-1D90D7D51661}","SubjectUserSid":"S-1-0-0","SubjectUserName":"-","IpAddress":"-","ImpersonationLevel":"%%1840","TargetDomainName":"ESSOS.LOCAL","LogonProcessName":"Kerberos","TargetUserSid":"S-1-5-18","TransmittedServices":"-","IpPort":"-","KeyLength":"0","SubjectLogonId":"0x0","TargetOutboundUserName":"-","TargetOutboundDomainName":"-","WorkstationName":"-","AuthenticationPackageName":"Kerberos","SubjectDomainName":"-","TargetLogonId":"0x22c40ba","LogonType":"3"},"OpenWEC":{"IpAddress":"10.202.0.137","TimeReceived":"2023-12-07T09:05:16.732444132+00:00","Principal":"MEEREEN$@ESSOS.LOCAL","Subscription":{"Uuid":"F94543B5-5A27-42CB-9E00-E1160AA41AEC","Version":"20CB299E-52CA-4316-BC51-86AC76801D00","Name":"anssi-subscription"}}}
{"System":{"Provider":{"Name":"Microsoft-Windows-Security-Auditing","Guid":"{54849625-5478-4994-A5BA-3E3B0328C30D}"},"EventID":4624,"Version":2,"Level":0,"Task":12544,"Opcode":0,"Keywords":"0x8020000000000000","TimeCreated":"2023-12-07T09:04:32.116667800Z","EventRecordID":53448,"Correlation":{"ActivityID":"{338D0FE0-26D1-0001-2B10-8D33D126DA01}"},"Execution":{"ProcessID":620,"ThreadID":4100},"Channel":"Security","Computer":"meereen.essos.local"},"EventData":{"IpAddress":"-","LogonGuid":"{162D2944-0E0F-C180-47D1-1D90D7D51661}","TargetOutboundDomainName":"-","SubjectUserSid":"S-1-0-0","TargetUserName":"MEEREEN$","TargetLogonId":"0x22c413b","SubjectDomainName":"-","LogonProcessName":"Kerberos","WorkstationName":"-","TransmittedServices":"-","IpPort":"-","VirtualAccount":"%%1843","SubjectLogonId":"0x0","ProcessName":"-","ImpersonationLevel":"%%1840","TargetOutboundUserName":"-","TargetUserSid":"S-1-5-18","TargetDomainName":"ESSOS.LOCAL","RestrictedAdminMode":"-","TargetLinkedLogonId":"0x0","ElevatedToken":"%%1842","SubjectUserName":"-","LogonType":"3","ProcessId":"0x0","LmPackageName":"-","AuthenticationPackageName":"Kerberos","KeyLength":"0"},"OpenWEC":{"IpAddress":"10.202.0.137","TimeReceived":"2023-12-07T09:05:16.732444132+00:00","Principal":"MEEREEN$@ESSOS.LOCAL","Subscription":{"Uuid":"F94543B5-5A27-42CB-9E00-E1160AA41AEC","Version":"20CB299E-52CA-4316-BC51-86AC76801D00","Name":"anssi-subscription"}}}
{"System":{"Provider":{"Name":"Microsoft-Windows-Security-Auditing","Guid":"{54849625-5478-4994-A5BA-3E3B0328C30D}"},"EventID":4624,"Version":2,"Level":0,"Task":12544,"Opcode":0,"Keywords":"0x8020000000000000","TimeCreated":"2023-12-07T09:04:32.129968800Z","EventRecordID":53450,"Correlation":{"ActivityID":"{338D0FE0-26D1-0001-2B10-8D33D126DA01}"},"Execution":{"ProcessID":620,"ThreadID":4100},"Channel":"Security","Computer":"meereen.essos.local"},"EventData":{"LogonProcessName":"Kerberos","TransmittedServices":"-","KeyLength":"0","ProcessName":"-","SubjectUserName":"-","TargetUserSid":"S-1-5-18","LogonGuid":"{162D2944-0E0F-C180-47D1-1D90D7D51661}","TargetUserName":"MEEREEN$","SubjectLogonId":"0x0","IpPort":"-","SubjectUserSid":"S-1-0-0","ImpersonationLevel":"%%1840","TargetOutboundUserName":"-","TargetOutboundDomainName":"-","VirtualAccount":"%%1843","LogonType":"3","RestrictedAdminMode":"-","TargetLinkedLogonId":"0x0","SubjectDomainName":"-","IpAddress":"-","LmPackageName":"-","WorkstationName":"-","TargetDomainName":"ESSOS.LOCAL","TargetLogonId":"0x22c41bc","ProcessId":"0x0","AuthenticationPackageName":"Kerberos","ElevatedToken":"%%1842"},"OpenWEC":{"IpAddress":"10.202.0.137","TimeReceived":"2023-12-07T09:05:16.732444132+00:00","Principal":"MEEREEN$@ESSOS.LOCAL","Subscription":{"Uuid":"F94543B5-5A27-42CB-9E00-E1160AA41AEC","Version":"20CB299E-52CA-4316-BC51-86AC76801D00","Name":"anssi-subscription"}}}
{"System":{"Provider":{"Name":"Microsoft-Windows-Security-Auditing","Guid":"{54849625-5478-4994-A5BA-3E3B0328C30D}"},"EventID":4624,"Version":2,"Level":0,"Task":12544,"Opcode":0,"Keywords":"0x8020000000000000","TimeCreated":"2023-12-07T09:04:32.135819000Z","EventRecordID":53452,"Correlation":{"ActivityID":"{338D0FE0-26D1-0001-2B10-8D33D126DA01}"},"Execution":{"ProcessID":620,"ThreadID":4100},"Channel":"Security","Computer":"meereen.essos.local"},"EventData":{"TargetUserName":"MEEREEN$","TransmittedServices":"-","TargetUserSid":"S-1-5-18","TargetLogonId":"0x22c423d","TargetDomainName":"ESSOS.LOCAL","WorkstationName":"-","SubjectUserSid":"S-1-0-0","LmPackageName":"-","RestrictedAdminMode":"-","TargetOutboundDomainName":"-","TargetLinkedLogonId":"0x0","TargetOutboundUserName":"-","LogonType":"3","IpPort":"-","IpAddress":"-","ElevatedToken":"%%1842","SubjectLogonId":"0x0","LogonProcessName":"Kerberos","AuthenticationPackageName":"Kerberos","VirtualAccount":"%%1843","ProcessName":"-","LogonGuid":"{162D2944-0E0F-C180-47D1-1D90D7D51661}","ProcessId":"0x0","KeyLength":"0","SubjectDomainName":"-","ImpersonationLevel":"%%1840","SubjectUserName":"-"},"OpenWEC":{"IpAddress":"10.202.0.137","TimeReceived":"2023-12-07T09:05:16.732444132+00:00","Principal":"MEEREEN$@ESSOS.LOCAL","Subscription":{"Uuid":"F94543B5-5A27-42CB-9E00-E1160AA41AEC","Version":"20CB299E-52CA-4316-BC51-86AC76801D00","Name":"anssi-subscription"}}}
{"System":{"Provider":{"Name":"Microsoft-Windows-Security-Auditing","Guid":"{54849625-5478-4994-A5BA-3E3B0328C30D}"},"EventID":4624,"Version":2,"Level":0,"Task":12544,"Opcode":0,"Keywords":"0x8020000000000000","TimeCreated":"2023-12-07T09:04:32.142203400Z","EventRecordID":53454,"Correlation":{"ActivityID":"{338D0FE0-26D1-0001-2B10-8D33D126DA01}"},"Execution":{"ProcessID":620,"ThreadID":4100},"Channel":"Security","Computer":"meereen.essos.local"},"EventData":{"SubjectLogonId":"0x0","TargetUserSid":"S-1-5-18","SubjectUserName":"-","LogonType":"3","TargetLogonId":"0x22c42be","AuthenticationPackageName":"Kerberos","ImpersonationLevel":"%%1840","TargetDomainName":"ESSOS.LOCAL","TargetUserName":"MEEREEN$","SubjectDomainName":"-","TransmittedServices":"-","ProcessId":"0x0","ProcessName":"-","RestrictedAdminMode":"-","IpAddress":"-","LmPackageName":"-","SubjectUserSid":"S-1-0-0","VirtualAccount":"%%1843","LogonProcessName":"Kerberos","LogonGuid":"{162D2944-0E0F-C180-47D1-1D90D7D51661}","KeyLength":"0","TargetLinkedLogonId":"0x0","IpPort":"-","ElevatedToken":"%%1842","WorkstationName":"-","TargetOutboundUserName":"-","TargetOutboundDomainName":"-"},"OpenWEC":{"IpAddress":"10.202.0.137","TimeReceived":"2023-12-07T09:05:16.732444132+00:00","Principal":"MEEREEN$@ESSOS.LOCAL","Subscription":{"Uuid":"F94543B5-5A27-42CB-9E00-E1160AA41AEC","Version":"20CB299E-52CA-4316-BC51-86AC76801D00","Name":"anssi-subscription"}}}
{"System":{"Provider":{"Name":"Microsoft-Windows-Security-Auditing","Guid":"{54849625-5478-4994-A5BA-3E3B0328C30D}"},"EventID":4624,"Version":2,"Level":0,"Task":12544,"Opcode":0,"Keywords":"0x8020000000000000","TimeCreated":"2023-12-07T09:05:21.482979100Z","EventRecordID":53456,"Correlation":{},"Execution":{"ProcessID":620,"ThreadID":2720},"Channel":"Security","Computer":"meereen.essos.local"},"EventData":{"SubjectDomainName":"-","LmPackageName":"-","TargetOutboundUserName":"-","KeyLength":"0","LogonType":"3","VirtualAccount":"%%1843","ElevatedToken":"%%1842","SubjectLogonId":"0x0","TargetDomainName":"ESSOS.LOCAL","IpPort":"51154","IpAddress":"::1","TargetUserSid":"S-1-5-18","RestrictedAdminMode":"-","TargetLinkedLogonId":"0x0","ImpersonationLevel":"%%1833","TransmittedServices":"-","SubjectUserSid":"S-1-0-0","SubjectUserName":"-","ProcessId":"0x0","LogonGuid":"{E2C1A26C-E36D-756D-B562-05D6AAFBC071}","TargetOutboundDomainName":"-","ProcessName":"-","TargetLogonId":"0x22cc9e9","TargetUserName":"MEEREEN$","LogonProcessName":"Kerberos","AuthenticationPackageName":"Kerberos","WorkstationName":"-"},"OpenWEC":{"IpAddress":"10.202.0.137","TimeReceived":"2023-12-07T09:05:53.135257287+00:00","Principal":"MEEREEN$@ESSOS.LOCAL","Subscription":{"Uuid":"F94543B5-5A27-42CB-9E00-E1160AA41AEC","Version":"20CB299E-52CA-4316-BC51-86AC76801D00","Name":"anssi-subscription"}}}
{"System":{"Provider":{"Name":"Microsoft-Windows-Security-Auditing","Guid":"{54849625-5478-4994-A5BA-3E3B0328C30D}"},"EventID":4624,"Version":2,"Level":0,"Task":12544,"Opcode":0,"Keywords":"0x8020000000000000","TimeCreated":"2023-12-07T09:05:47.421746200Z","EventRecordID":53459,"Correlation":{},"Execution":{"ProcessID":620,"ThreadID":3748},"Channel":"Security","Computer":"meereen.essos.local"},"EventData":{"IpAddress":"fe80::71ea:2b1:64c2:cbc0","TargetUserName":"MEEREEN$","SubjectLogonId":"0x0","RestrictedAdminMode":"-","TargetUserSid":"S-1-5-18","KeyLength":"0","TargetOutboundUserName":"-","TargetLinkedLogonId":"0x0","SubjectUserName":"-","AuthenticationPackageName":"Kerberos","LogonGuid":"{8E7C7257-7437-9193-1D66-0868F5563E73}","LmPackageName":"-","ProcessName":"-","LogonProcessName":"Kerberos","TargetLogonId":"0x22d5103","TargetDomainName":"ESSOS.LOCAL","ProcessId":"0x0","SubjectDomainName":"-","WorkstationName":"-","SubjectUserSid":"S-1-0-0","IpPort":"51164","ImpersonationLevel":"%%1833","TargetOutboundDomainName":"-","ElevatedToken":"%%1842","VirtualAccount":"%%1843","TransmittedServices":"-","LogonType":"3"},"OpenWEC":{"IpAddress":"10.202.0.137","TimeReceived":"2023-12-07T09:05:53.135257287+00:00","Principal":"MEEREEN$@ESSOS.LOCAL","Subscription":{"Uuid":"F94543B5-5A27-42CB-9E00-E1160AA41AEC","Version":"20CB299E-52CA-4316-BC51-86AC76801D00","Name":"anssi-subscription"}}}
{"System":{"Provider":{"Name":"Microsoft-Windows-Security-Auditing","Guid":"{54849625-5478-4994-A5BA-3E3B0328C30D}"},"EventID":4624,"Version":2,"Level":0,"Task":12544,"Opcode":0,"Keywords":"0x8020000000000000","TimeCreated":"2023-12-07T09:05:47.423484000Z","EventRecordID":53461,"Correlation":{},"Execution":{"ProcessID":620,"ThreadID":2368},"Channel":"Security","Computer":"meereen.essos.local"},"EventData":{"LogonProcessName":"Kerberos","TargetDomainName":"ESSOS.LOCAL","SubjectUserName":"-","ImpersonationLevel":"%%1833","ElevatedToken":"%%1842","LogonType":"3","ProcessName":"-","KeyLength":"0","RestrictedAdminMode":"-","LogonGuid":"{8E7C7257-7437-9193-1D66-0868F5563E73}","LmPackageName":"-","TargetOutboundDomainName":"-","WorkstationName":"-","IpAddress":"fe80::71ea:2b1:64c2:cbc0","TargetUserName":"MEEREEN$","AuthenticationPackageName":"Kerberos","TargetUserSid":"S-1-5-18","TransmittedServices":"-","ProcessId":"0x0","TargetOutboundUserName":"-","SubjectUserSid":"S-1-0-0","IpPort":"51165","VirtualAccount":"%%1843","SubjectLogonId":"0x0","TargetLogonId":"0x22d513d","TargetLinkedLogonId":"0x0","SubjectDomainName":"-"},"OpenWEC":{"IpAddress":"10.202.0.137","TimeReceived":"2023-12-07T09:05:53.135257287+00:00","Principal":"MEEREEN$@ESSOS.LOCAL","Subscription":{"Uuid":"F94543B5-5A27-42CB-9E00-E1160AA41AEC","Version":"20CB299E-52CA-4316-BC51-86AC76801D00","Name":"anssi-subscription"}}}
{"System":{"Provider":{"Name":"Microsoft-Windows-Security-Auditing","Guid":"{54849625-5478-4994-A5BA-3E3B0328C30D}"},"EventID":4624,"Version":2,"Level":0,"Task":12544,"Opcode":0,"Keywords":"0x8020000000000000","TimeCreated":"2023-12-07T09:05:47.433029300Z","EventRecordID":53463,"Correlation":{"ActivityID":"{338D0FE0-26D1-0001-2B10-8D33D126DA01}"},"Execution":{"ProcessID":620,"ThreadID":4100},"Channel":"Security","Computer":"meereen.essos.local"},"EventData":{"TargetOutboundDomainName":"-","KeyLength":"0","TargetLogonId":"0x22d5234","ProcessName":"-","LogonType":"3","ElevatedToken":"%%1842","SubjectDomainName":"-","VirtualAccount":"%%1843","SubjectLogonId":"0x0","TransmittedServices":"-","TargetDomainName":"ESSOS.LOCAL","SubjectUserName":"-","TargetUserName":"MEEREEN$","TargetUserSid":"S-1-5-18","ProcessId":"0x0","SubjectUserSid":"S-1-0-0","LogonProcessName":"Kerberos","LogonGuid":"{77432E8F-8464-F995-2F77-7893056EDE81}","IpPort":"0","ImpersonationLevel":"%%1833","WorkstationName":"-","IpAddress":"::1","RestrictedAdminMode":"-","TargetOutboundUserName":"-","LmPackageName":"-","TargetLinkedLogonId":"0x0","AuthenticationPackageName":"Kerberos"},"OpenWEC":{"IpAddress":"10.202.0.137","TimeReceived":"2023-12-07T09:05:53.135257287+00:00","Principal":"MEEREEN$@ESSOS.LOCAL","Subscription":{"Uuid":"F94543B5-5A27-42CB-9E00-E1160AA41AEC","Version":"20CB299E-52CA-4316-BC51-86AC76801D00","Name":"anssi-subscription"}}}
{"System":{"Provider":{"Name":"Microsoft-Windows-Security-Auditing","Guid":"{54849625-5478-4994-A5BA-3E3B0328C30D}"},"EventID":4624,"Version":2,"Level":0,"Task":12544,"Opcode":0,"Keywords":"0x8020000000000000","TimeCreated":"2023-12-07T09:05:47.434976000Z","EventRecordID":53465,"Correlation":{},"Execution":{"ProcessID":620,"ThreadID":1820},"Channel":"Security","Computer":"meereen.essos.local"},"EventData":{"SubjectLogonId":"0x0","LmPackageName":"-","ProcessName":"-","VirtualAccount":"%%1843","LogonProcessName":"Kerberos","ProcessId":"0x0","TargetUserName":"MEEREEN$","TargetDomainName":"ESSOS.LOCAL","AuthenticationPackageName":"Kerberos","LogonGuid":"{8E7C7257-7437-9193-1D66-0868F5563E73}","TargetLinkedLogonId":"0x0","IpAddress":"192.168.56.12","ImpersonationLevel":"%%1833","ElevatedToken":"%%1842","RestrictedAdminMode":"-","SubjectUserName":"-","TargetUserSid":"S-1-5-18","WorkstationName":"-","KeyLength":"0","LogonType":"3","TargetOutboundUserName":"-","TargetOutboundDomainName":"-","TargetLogonId":"0x22d5281","IpPort":"51166","TransmittedServices":"-","SubjectUserSid":"S-1-0-0","SubjectDomainName":"-"},"OpenWEC":{"IpAddress":"10.202.0.137","TimeReceived":"2023-12-07T09:05:53.135257287+00:00","Principal":"MEEREEN$@ESSOS.LOCAL","Subscription":{"Uuid":"F94543B5-5A27-42CB-9E00-E1160AA41AEC","Version":"20CB299E-52CA-4316-BC51-86AC76801D00","Name":"anssi-subscription"}}}
{"System":{"Provider":{"Name":"Microsoft-Windows-Security-Auditing","Guid":"{54849625-5478-4994-A5BA-3E3B0328C30D}"},"EventID":4624,"Version":2,"Level":0,"Task":12544,"Opcode":0,"Keywords":"0x8020000000000000","TimeCreated":"2023-12-07T09:05:47.533718800Z","EventRecordID":53467,"Correlation":{"ActivityID":"{338D0FE0-26D1-0001-2B10-8D33D126DA01}"},"Execution":{"ProcessID":620,"ThreadID":4100},"Channel":"Security","Computer":"meereen.essos.local"},"EventData":{"WorkstationName":"-","ImpersonationLevel":"%%1840","TargetOutboundDomainName":"-","TargetLogonId":"0x22d52f6","ProcessName":"-","LogonGuid":"{8E7C7257-7437-9193-1D66-0868F5563E73}","IpAddress":"fe80::71ea:2b1:64c2:cbc0","ProcessId":"0x0","TargetUserSid":"S-1-5-18","TransmittedServices":"-","RestrictedAdminMode":"-","SubjectUserName":"-","TargetOutboundUserName":"-","VirtualAccount":"%%1843","TargetLinkedLogonId":"0x0","TargetDomainName":"ESSOS.LOCAL","LogonType":"3","LogonProcessName":"Kerberos","SubjectLogonId":"0x0","AuthenticationPackageName":"Kerberos","KeyLength":"0","ElevatedToken":"%%1842","TargetUserName":"MEEREEN$","SubjectUserSid":"S-1-0-0","LmPackageName":"-","SubjectDomainName":"-","IpPort":"51167"},"OpenWEC":{"IpAddress":"10.202.0.137","TimeReceived":"2023-12-07T09:05:53.135257287+00:00","Principal":"MEEREEN$@ESSOS.LOCAL","Subscription":{"Uuid":"F94543B5-5A27-42CB-9E00-E1160AA41AEC","Version":"20CB299E-52CA-4316-BC51-86AC76801D00","Name":"anssi-subscription"}}}
{"System":{"Provider":{"Name":"Microsoft-Windows-TaskScheduler","Guid":"{DE7B24EA-73C8-4A09-985D-5BDADCFA9017}"},"EventID":129,"Version":0,"Level":4,"Task":129,"Opcode":0,"Keywords":"0x8000000000000000","TimeCreated":"2023-12-07T09:05:55.689881400Z","EventRecordID":2837,"Correlation":{},"Execution":{"ProcessID":1340,"ThreadID":4936},"Channel":"Microsoft-Windows-TaskScheduler/Operational","Computer":"meereen.essos.local","UserID":"S-1-5-18"},"EventData":{"Path":"C:\\Program Files (x86)\\Google\\Update\\GoogleUpdate.exe","TaskName":"\\GoogleUpdateTaskMachineUA{F46A47A4-11D9-4D9D-9BCF-3B1E23270144}","ProcessID":"9304","Priority":"16384"},"OpenWEC":{"IpAddress":"10.202.0.137","TimeReceived":"2023-12-07T09:06:26.971690386+00:00","Principal":"MEEREEN$@ESSOS.LOCAL","Subscription":{"Uuid":"F94543B5-5A27-42CB-9E00-E1160AA41AEC","Version":"20CB299E-52CA-4316-BC51-86AC76801D00","Name":"anssi-subscription"}}}
{"System":{"Provider":{"Name":"Microsoft-Windows-TaskScheduler","Guid":"{DE7B24EA-73C8-4A09-985D-5BDADCFA9017}"},"EventID":100,"Version":0,"Level":4,"Task":100,"Opcode":1,"Keywords":"0x8000000000000001","TimeCreated":"2023-12-07T09:05:55.690856100Z","EventRecordID":2838,"Correlation":{"ActivityID":"{D4B74E67-292D-47CC-90BD-934E623BCF40}"},"Execution":{"ProcessID":1340,"ThreadID":4936},"Channel":"Microsoft-Windows-TaskScheduler/Operational","Computer":"meereen.essos.local","UserID":"S-1-5-18"},"EventData":{"UserContext":"NT AUTHORITY\\SYSTEM","InstanceId":"{D4B74E67-292D-47CC-90BD-934E623BCF40}","TaskName":"\\GoogleUpdateTaskMachineUA{F46A47A4-11D9-4D9D-9BCF-3B1E23270144}"},"OpenWEC":{"IpAddress":"10.202.0.137","TimeReceived":"2023-12-07T09:06:26.971690386+00:00","Principal":"MEEREEN$@ESSOS.LOCAL","Subscription":{"Uuid":"F94543B5-5A27-42CB-9E00-E1160AA41AEC","Version":"20CB299E-52CA-4316-BC51-86AC76801D00","Name":"anssi-subscription"}}}
{"System":{"Provider":{"Name":"Microsoft-Windows-TaskScheduler","Guid":"{DE7B24EA-73C8-4A09-985D-5BDADCFA9017}"},"EventID":200,"Version":1,"Level":4,"Task":200,"Opcode":1,"Keywords":"0x8000000000000000","TimeCreated":"2023-12-07T09:05:55.690857400Z","EventRecordID":2839,"Correlation":{"ActivityID":"{D4B74E67-292D-47CC-90BD-934E623BCF40}"},"Execution":{"ProcessID":1340,"ThreadID":4936},"Channel":"Microsoft-Windows-TaskScheduler/Operational","Computer":"meereen.essos.local","UserID":"S-1-5-18"},"EventData":{"TaskName":"\\GoogleUpdateTaskMachineUA{F46A47A4-11D9-4D9D-9BCF-3B1E23270144}","TaskInstanceId":"{D4B74E67-292D-47CC-90BD-934E623BCF40}","EnginePID":"9304","ActionName":"C:\\Program Files (x86)\\Google\\Update\\GoogleUpdate.exe"},"OpenWEC":{"IpAddress":"10.202.0.137","TimeReceived":"2023-12-07T09:06:26.971690386+00:00","Principal":"MEEREEN$@ESSOS.LOCAL","Subscription":{"Uuid":"F94543B5-5A27-42CB-9E00-E1160AA41AEC","Version":"20CB299E-52CA-4316-BC51-86AC76801D00","Name":"anssi-subscription"}}}
{"System":{"Provider":{"Name":"Microsoft-Windows-Security-Auditing","Guid":"{54849625-5478-4994-A5BA-3E3B0328C30D}"},"EventID":4624,"Version":2,"Level":0,"Task":12544,"Opcode":0,"Keywords":"0x8020000000000000","TimeCreated":"2023-12-07T09:06:21.498175600Z","EventRecordID":53474,"Correlation":{},"Execution":{"ProcessID":620,"ThreadID":2720},"Channel":"Security","Computer":"meereen.essos.local"},"EventData":{"LogonType":"3","TargetUserSid":"S-1-5-18","LmPackageName":"-","LogonGuid":"{E2C1A26C-E36D-756D-B562-05D6AAFBC071}","KeyLength":"0","ProcessName":"-","SubjectUserName":"-","WorkstationName":"-","TargetOutboundUserName":"-","SubjectUserSid":"S-1-0-0","ProcessId":"0x0","SubjectLogonId":"0x0","TargetDomainName":"ESSOS.LOCAL","TargetOutboundDomainName":"-","VirtualAccount":"%%1843","ImpersonationLevel":"%%1833","TransmittedServices":"-","TargetUserName":"MEEREEN$","ElevatedToken":"%%1842","TargetLogonId":"0x22e08de","TargetLinkedLogonId":"0x0","RestrictedAdminMode":"-","IpPort":"51183","LogonProcessName":"Kerberos","IpAddress":"::1","AuthenticationPackageName":"Kerberos","SubjectDomainName":"-"},"OpenWEC":{"IpAddress":"10.202.0.137","TimeReceived":"2023-12-07T09:06:26.971690386+00:00","Principal":"MEEREEN$@ESSOS.LOCAL","Subscription":{"Uuid":"F94543B5-5A27-42CB-9E00-E1160AA41AEC","Version":"20CB299E-52CA-4316-BC51-86AC76801D00","Name":"anssi-subscription"}}}
{"System":{"Provider":{"Name":"Microsoft-Windows-Security-Auditing","Guid":"{54849625-5478-4994-A5BA-3E3B0328C30D}"},"EventID":4624,"Version":2,"Level":0,"Task":12544,"Opcode":0,"Keywords":"0x8020000000000000","TimeCreated":"2023-12-07T09:07:12.432759100Z","EventRecordID":53476,"Correlation":{"ActivityID":"{338D0FE0-26D1-0001-2B10-8D33D126DA01}"},"Execution":{"ProcessID":620,"ThreadID":4048},"Channel":"Security","Computer":"meereen.essos.local"},"EventData":{"LogonType":"3","SubjectDomainName":"-","ProcessName":"-","TransmittedServices":"-","WorkstationName":"-","IpPort":"45898","RestrictedAdminMode":"-","SubjectUserName":"-","ElevatedToken":"%%1843","TargetUserName":"ANONYMOUS LOGON","TargetOutboundUserName":"-","SubjectUserSid":"S-1-0-0","ProcessId":"0x0","SubjectLogonId":"0x0","TargetOutboundDomainName":"-","TargetUserSid":"S-1-5-7","KeyLength":"128","LogonGuid":"{00000000-0000-0000-0000-000000000000}","TargetLogonId":"0x22efcf1","LmPackageName":"NTLM V1","ImpersonationLevel":"%%1833","VirtualAccount":"%%1843","TargetLinkedLogonId":"0x0","LogonProcessName":"NtLmSsp ","IpAddress":"10.202.0.130","TargetDomainName":"NT AUTHORITY","AuthenticationPackageName":"NTLM"},"OpenWEC":{"IpAddress":"10.202.0.137","TimeReceived":"2023-12-07T09:08:44.063233771+00:00","Principal":"MEEREEN$@ESSOS.LOCAL","Subscription":{"Uuid":"F94543B5-5A27-42CB-9E00-E1160AA41AEC","Version":"20CB299E-52CA-4316-BC51-86AC76801D00","Name":"anssi-subscription"}}}
{"System":{"Provider":{"Name":"Microsoft-Windows-Security-Auditing","Guid":"{54849625-5478-4994-A5BA-3E3B0328C30D}"},"EventID":4624,"Version":2,"Level":0,"Task":12544,"Opcode":0,"Keywords":"0x8020000000000000","TimeCreated":"2023-12-07T09:07:21.513775100Z","EventRecordID":53480,"Correlation":{},"Execution":{"ProcessID":620,"ThreadID":1820},"Channel":"Security","Computer":"meereen.essos.local"},"EventData":{"LogonProcessName":"Kerberos","AuthenticationPackageName":"Kerberos","KeyLength":"0","TransmittedServices":"-","IpAddress":"::1","LmPackageName":"-","SubjectUserSid":"S-1-0-0","LogonType":"3","WorkstationName":"-","SubjectLogonId":"0x0","ProcessName":"-","SubjectUserName":"-","TargetDomainName":"ESSOS.LOCAL","SubjectDomainName":"-","ImpersonationLevel":"%%1833","RestrictedAdminMode":"-","TargetLogonId":"0x22f2345","TargetOutboundUserName":"-","TargetLinkedLogonId":"0x0","ElevatedToken":"%%1842","TargetUserName":"MEEREEN$","IpPort":"51209","TargetOutboundDomainName":"-","LogonGuid":"{E2C1A26C-E36D-756D-B562-05D6AAFBC071}","TargetUserSid":"S-1-5-18","VirtualAccount":"%%1843","ProcessId":"0x0"},"OpenWEC":{"IpAddress":"10.202.0.137","TimeReceived":"2023-12-07T09:08:44.063233771+00:00","Principal":"MEEREEN$@ESSOS.LOCAL","Subscription":{"Uuid":"F94543B5-5A27-42CB-9E00-E1160AA41AEC","Version":"20CB299E-52CA-4316-BC51-86AC76801D00","Name":"anssi-subscription"}}}
{"System":{"Provider":{"Name":"Microsoft-Windows-WinRM","Guid":"{A7975C8F-AC13-49F1-87DA-5A984A4AB417}"},"EventID":163,"Version":0,"Level":2,"Task":7,"Opcode":0,"Keywords":"0x400000000000000a","TimeCreated":"2023-12-07T09:07:43.467632500Z","EventRecordID":6106,"Correlation":{"ActivityID":"{338D0FE0-26D1-0001-044B-8E33D126DA01}"},"Execution":{"ProcessID":1096,"ThreadID":9988},"Channel":"Microsoft-Windows-WinRM/Operational","Computer":"meereen.essos.local","UserID":"S-1-5-20"},"EventData":{"authServer5":" ","authServer1":" ","authClient":"Kerberos","authServer3":" ","authServer2":" ","authServer4":" "},"OpenWEC":{"IpAddress":"10.202.0.137","TimeReceived":"2023-12-07T09:08:44.710987912+00:00","Principal":"MEEREEN$@ESSOS.LOCAL","Subscription":{"Uuid":"F94543B5-5A27-42CB-9E00-E1160AA41AEC","Version":"20CB299E-52CA-4316-BC51-86AC76801D00","Name":"anssi-subscription"}}}
{"System":{"Provider":{"Name":"Microsoft-Windows-Security-Auditing","Guid":"{54849625-5478-4994-A5BA-3E3B0328C30D}"},"EventID":4624,"Version":2,"Level":0,"Task":12544,"Opcode":0,"Keywords":"0x8020000000000000","TimeCreated":"2023-12-07T09:08:15.925015300Z","EventRecordID":53491,"Correlation":{"ActivityID":"{338D0FE0-26D1-0001-2B10-8D33D126DA01}"},"Execution":{"ProcessID":620,"ThreadID":4100},"Channel":"Security","Computer":"meereen.essos.local"},"EventData":{"TransmittedServices":"-","AuthenticationPackageName":"NTLM","ProcessName":"-","LogonProcessName":"NtLmSsp ","TargetLinkedLogonId":"0x0","SubjectUserName":"-","LogonGuid":"{00000000-0000-0000-0000-000000000000}","VirtualAccount":"%%1843","ProcessId":"0x0","ElevatedToken":"%%1843","LmPackageName":"NTLM V1","TargetUserName":"ANONYMOUS LOGON","IpPort":"40834","TargetDomainName":"NT AUTHORITY","IpAddress":"10.202.0.130","TargetOutboundUserName":"-","SubjectLogonId":"0x0","SubjectUserSid":"S-1-0-0","TargetOutboundDomainName":"-","RestrictedAdminMode":"-","TargetUserSid":"S-1-5-7","LogonType":"3","SubjectDomainName":"-","TargetLogonId":"0x22fc4b7","KeyLength":"128","ImpersonationLevel":"%%1833","WorkstationName":"-"},"OpenWEC":{"IpAddress":"10.202.0.137","TimeReceived":"2023-12-07T09:08:44.710987912+00:00","Principal":"MEEREEN$@ESSOS.LOCAL","Subscription":{"Uuid":"F94543B5-5A27-42CB-9E00-E1160AA41AEC","Version":"20CB299E-52CA-4316-BC51-86AC76801D00","Name":"anssi-subscription"}}}
{"System":{"Provider":{"Name":"Microsoft-Windows-Security-Auditing","Guid":"{54849625-5478-4994-A5BA-3E3B0328C30D}"},"EventID":4624,"Version":2,"Level":0,"Task":12544,"Opcode":0,"Keywords":"0x8020000000000000","TimeCreated":"2023-12-07T09:08:17.693330300Z","EventRecordID":53493,"Correlation":{"ActivityID":"{338D0FE0-26D1-0001-2B10-8D33D126DA01}"},"Execution":{"ProcessID":620,"ThreadID":3748},"Channel":"Security","Computer":"meereen.essos.local"},"EventData":{"SubjectLogonId":"0x0","TargetUserSid":"S-1-5-7","ProcessId":"0x0","IpPort":"40850","TargetLogonId":"0x22fd4ca","LogonType":"3","IpAddress":"10.202.0.130","RestrictedAdminMode":"-","SubjectUserName":"-","LogonProcessName":"NtLmSsp ","TargetOutboundUserName":"-","TargetOutboundDomainName":"-","ElevatedToken":"%%1843","VirtualAccount":"%%1843","LogonGuid":"{00000000-0000-0000-0000-000000000000}","SubjectDomainName":"-","KeyLength":"128","SubjectUserSid":"S-1-0-0","LmPackageName":"NTLM V1","TransmittedServices":"-","ProcessName":"-","TargetUserName":"ANONYMOUS LOGON","AuthenticationPackageName":"NTLM","TargetDomainName":"NT AUTHORITY","WorkstationName":"-","ImpersonationLevel":"%%1833","TargetLinkedLogonId":"0x0"},"OpenWEC":{"IpAddress":"10.202.0.137","TimeReceived":"2023-12-07T09:08:44.710987912+00:00","Principal":"MEEREEN$@ESSOS.LOCAL","Subscription":{"Uuid":"F94543B5-5A27-42CB-9E00-E1160AA41AEC","Version":"20CB299E-52CA-4316-BC51-86AC76801D00","Name":"anssi-subscription"}}}
{"System":{"Provider":{"Name":"Microsoft-Windows-Security-Auditing","Guid":"{54849625-5478-4994-A5BA-3E3B0328C30D}"},"EventID":4624,"Version":2,"Level":0,"Task":12544,"Opcode":0,"Keywords":"0x8020000000000000","TimeCreated":"2023-12-07T09:08:19.422912400Z","EventRecordID":53495,"Correlation":{"ActivityID":"{338D0FE0-26D1-0001-2B10-8D33D126DA01}"},"Execution":{"ProcessID":620,"ThreadID":3748},"Channel":"Security","Computer":"meereen.essos.local"},"EventData":{"LogonType":"3","TargetUserName":"ANONYMOUS LOGON","SubjectLogonId":"0x0","TargetDomainName":"NT AUTHORITY","WorkstationName":"-","AuthenticationPackageName":"NTLM","IpAddress":"10.202.0.130","IpPort":"40854","RestrictedAdminMode":"-","VirtualAccount":"%%1843","ElevatedToken":"%%1843","TargetLinkedLogonId":"0x0","SubjectUserSid":"S-1-0-0","LmPackageName":"NTLM V1","SubjectUserName":"-","LogonProcessName":"NtLmSsp ","TargetUserSid":"S-1-5-7","TargetOutboundUserName":"-","ProcessName":"-","TargetOutboundDomainName":"-","SubjectDomainName":"-","TargetLogonId":"0x22fddaf","LogonGuid":"{00000000-0000-0000-0000-000000000000}","TransmittedServices":"-","ProcessId":"0x0","ImpersonationLevel":"%%1833","KeyLength":"128"},"OpenWEC":{"IpAddress":"10.202.0.137","TimeReceived":"2023-12-07T09:08:44.710987912+00:00","Principal":"MEEREEN$@ESSOS.LOCAL","Subscription":{"Uuid":"F94543B5-5A27-42CB-9E00-E1160AA41AEC","Version":"20CB299E-52CA-4316-BC51-86AC76801D00","Name":"anssi-subscription"}}}
{"System":{"Provider":{"Name":"Microsoft-Windows-Security-Auditing","Guid":"{54849625-5478-4994-A5BA-3E3B0328C30D}"},"EventID":4624,"Version":2,"Level":0,"Task":12544,"Opcode":0,"Keywords":"0x8020000000000000","TimeCreated":"2023-12-07T09:08:21.528447600Z","EventRecordID":53498,"Correlation":{},"Execution":{"ProcessID":620,"ThreadID":2720},"Channel":"Security","Computer":"meereen.essos.local"},"EventData":{"SubjectUserSid":"S-1-0-0","SubjectUserName":"-","IpAddress":"::1","ImpersonationLevel":"%%1833","TransmittedServices":"-","TargetUserName":"MEEREEN$","TargetDomainName":"ESSOS.LOCAL","TargetLogonId":"0x22feab3","SubjectDomainName":"-","TargetUserSid":"S-1-5-18","KeyLength":"0","LogonGuid":"{E2C1A26C-E36D-756D-B562-05D6AAFBC071}","ProcessId":"0x0","RestrictedAdminMode":"-","LmPackageName":"-","TargetOutboundDomainName":"-","VirtualAccount":"%%1843","AuthenticationPackageName":"Kerberos","ProcessName":"-","IpPort":"51248","ElevatedToken":"%%1842","TargetLinkedLogonId":"0x0","LogonProcessName":"Kerberos","LogonType":"3","TargetOutboundUserName":"-","SubjectLogonId":"0x0","WorkstationName":"-"},"OpenWEC":{"IpAddress":"10.202.0.137","TimeReceived":"2023-12-07T09:08:44.710987912+00:00","Principal":"MEEREEN$@ESSOS.LOCAL","Subscription":{"Uuid":"F94543B5-5A27-42CB-9E00-E1160AA41AEC","Version":"20CB299E-52CA-4316-BC51-86AC76801D00","Name":"anssi-subscription"}}}
{"System":{"Provider":{"Name":"Microsoft-Windows-Security-Auditing","Guid":"{54849625-5478-4994-A5BA-3E3B0328C30D}"},"EventID":4624,"Version":2,"Level":0,"Task":12544,"Opcode":0,"Keywords":"0x8020000000000000","TimeCreated":"2023-12-07T09:08:28.047614100Z","EventRecordID":53500,"Correlation":{"ActivityID":"{338D0FE0-26D1-0001-2B10-8D33D126DA01}"},"Execution":{"ProcessID":620,"ThreadID":3748},"Channel":"Security","Computer":"meereen.essos.local"},"EventData":{"VirtualAccount":"%%1843","TargetLogonId":"0x2301446","SubjectUserSid":"S-1-0-0","SubjectUserName":"-","SubjectLogonId":"0x0","TargetOutboundDomainName":"-","ElevatedToken":"%%1843","ProcessId":"0x0","ImpersonationLevel":"%%1833","TargetLinkedLogonId":"0x0","LogonProcessName":"NtLmSsp ","WorkstationName":"-","IpPort":"42366","LogonGuid":"{00000000-0000-0000-0000-000000000000}","LmPackageName":"NTLM V1","KeyLength":"128","TargetDomainName":"NT AUTHORITY","SubjectDomainName":"-","AuthenticationPackageName":"NTLM","RestrictedAdminMode":"-","TargetUserSid":"S-1-5-7","TransmittedServices":"-","ProcessName":"-","TargetUserName":"ANONYMOUS LOGON","IpAddress":"10.202.0.130","LogonType":"3","TargetOutboundUserName":"-"},"OpenWEC":{"IpAddress":"10.202.0.137","TimeReceived":"2023-12-07T09:08:44.710987912+00:00","Principal":"MEEREEN$@ESSOS.LOCAL","Subscription":{"Uuid":"F94543B5-5A27-42CB-9E00-E1160AA41AEC","Version":"20CB299E-52CA-4316-BC51-86AC76801D00","Name":"anssi-subscription"}}}
{"System":{"Provider":{"Name":"Microsoft-Windows-Security-Auditing","Guid":"{54849625-5478-4994-A5BA-3E3B0328C30D}"},"EventID":4624,"Version":2,"Level":0,"Task":12544,"Opcode":0,"Keywords":"0x8020000000000000","TimeCreated":"2023-12-07T09:08:44.740840200Z","EventRecordID":53503,"Correlation":{},"Execution":{"ProcessID":620,"ThreadID":1820},"Channel":"Security","Computer":"meereen.essos.local"},"EventData":{"TargetUserSid":"S-1-5-18","LogonType":"3","ProcessName":"-","RestrictedAdminMode":"-","ElevatedToken":"%%1842","LogonProcessName":"Kerberos","SubjectUserSid":"S-1-0-0","AuthenticationPackageName":"Kerberos","LmPackageName":"-","VirtualAccount":"%%1843","IpPort":"51281","TargetUserName":"MEEREEN$","SubjectUserName":"-","LogonGuid":"{E2C1A26C-E36D-756D-B562-05D6AAFBC071}","SubjectDomainName":"-","TargetDomainName":"ESSOS.LOCAL","WorkstationName":"-","TargetOutboundUserName":"-","TargetLogonId":"0x2307cba","IpAddress":"fe80::71ea:2b1:64c2:cbc0","TargetLinkedLogonId":"0x0","ImpersonationLevel":"%%1833","SubjectLogonId":"0x0","TargetOutboundDomainName":"-","ProcessId":"0x0","KeyLength":"0","TransmittedServices":"-"},"OpenWEC":{"IpAddress":"10.202.0.137","TimeReceived":"2023-12-07T09:09:16.039420763+00:00","Principal":"MEEREEN$@ESSOS.LOCAL","Subscription":{"Uuid":"F94543B5-5A27-42CB-9E00-E1160AA41AEC","Version":"20CB299E-52CA-4316-BC51-86AC76801D00","Name":"anssi-subscription"}}}
{"System":{"Provider":{"Name":"Microsoft-Windows-Security-Auditing","Guid":"{54849625-5478-4994-A5BA-3E3B0328C30D}"},"EventID":4624,"Version":2,"Level":0,"Task":12544,"Opcode":0,"Keywords":"0x8020000000000000","TimeCreated":"2023-12-07T09:08:44.746758000Z","EventRecordID":53506,"Correlation":{},"Execution":{"ProcessID":620,"ThreadID":2720},"Channel":"Security","Computer":"meereen.essos.local"},"EventData":{"TargetLogonId":"0x2307d38","KeyLength":"0","SubjectDomainName":"-","SubjectUserName":"-","LogonProcessName":"Kerberos","WorkstationName":"-","TargetDomainName":"ESSOS.LOCAL","ProcessName":"-","IpAddress":"fe80::71ea:2b1:64c2:cbc0","IpPort":"51282","RestrictedAdminMode":"-","TargetOutboundUserName":"-","TargetOutboundDomainName":"-","SubjectLogonId":"0x0","LogonGuid":"{E2C1A26C-E36D-756D-B562-05D6AAFBC071}","ProcessId":"0x0","ImpersonationLevel":"%%1833","VirtualAccount":"%%1843","TargetLinkedLogonId":"0x0","SubjectUserSid":"S-1-0-0","LogonType":"3","AuthenticationPackageName":"Kerberos","ElevatedToken":"%%1842","LmPackageName":"-","TargetUserSid":"S-1-5-18","TargetUserName":"MEEREEN$","TransmittedServices":"-"},"OpenWEC":{"IpAddress":"10.202.0.137","TimeReceived":"2023-12-07T09:09:16.039420763+00:00","Principal":"MEEREEN$@ESSOS.LOCAL","Subscription":{"Uuid":"F94543B5-5A27-42CB-9E00-E1160AA41AEC","Version":"20CB299E-52CA-4316-BC51-86AC76801D00","Name":"anssi-subscription"}}}
{"System":{"Provider":{"Name":"Microsoft-Windows-Security-Auditing","Guid":"{54849625-5478-4994-A5BA-3E3B0328C30D}"},"EventID":4624,"Version":2,"Level":0,"Task":12544,"Opcode":0,"Keywords":"0x8020000000000000","TimeCreated":"2023-12-07T09:09:01.510729800Z","EventRecordID":53508,"Correlation":{"ActivityID":"{338D0FE0-26D1-0001-2B10-8D33D126DA01}"},"Execution":{"ProcessID":620,"ThreadID":4100},"Channel":"Security","Computer":"meereen.essos.local"},"EventData":{"VirtualAccount":"%%1843","AuthenticationPackageName":"NTLM","WorkstationName":"-","IpAddress":"10.202.0.130","LmPackageName":"NTLM V1","IpPort":"43518","LogonGuid":"{00000000-0000-0000-0000-000000000000}","TargetUserSid":"S-1-5-7","LogonProcessName":"NtLmSsp ","SubjectUserSid":"S-1-0-0","TargetOutboundDomainName":"-","ProcessId":"0x0","TargetOutboundUserName":"-","TargetLinkedLogonId":"0x0","ElevatedToken":"%%1843","TransmittedServices":"-","LogonType":"3","TargetDomainName":"NT AUTHORITY","TargetLogonId":"0x230ba23","SubjectDomainName":"-","SubjectLogonId":"0x0","SubjectUserName":"-","TargetUserName":"ANONYMOUS LOGON","KeyLength":"128","ProcessName":"-","ImpersonationLevel":"%%1833","RestrictedAdminMode":"-"},"OpenWEC":{"IpAddress":"10.202.0.137","TimeReceived":"2023-12-07T09:09:16.039420763+00:00","Principal":"MEEREEN$@ESSOS.LOCAL","Subscription":{"Uuid":"F94543B5-5A27-42CB-9E00-E1160AA41AEC","Version":"20CB299E-52CA-4316-BC51-86AC76801D00","Name":"anssi-subscription"}}}
